#
# There is insufficient memory for the Java Runtime Environment to continue.
# Native memory allocation (malloc) failed to allocate 895328 bytes for Chunk::new
# Possible reasons:
#   The system is out of physical RAM or swap space
#   The process is running with CompressedOops enabled, and the Java Heap may be blocking the growth of the native heap
# Possible solutions:
#   Reduce memory load on the system
#   Increase physical memory or swap space
#   Check if swap backing store is full
#   Decrease Java heap size (-Xmx/-Xms)
#   Decrease number of Java threads
#   Decrease Java thread stack sizes (-Xss)
#   Set larger code cache with -XX:ReservedCodeCacheSize=
#   JVM is running with Unscaled Compressed Oops mode in which the Java heap is
#     placed in the first 4GB address space. The Java Heap base address is the
#     maximum limit for the native heap growth. Please use -XX:HeapBaseMinAddress
#     to set the Java Heap base and to place the Java Heap above 4GB virtual address.
# This output file may be truncated or incomplete.
#
#  Out of Memory Error (arena.cpp:189), pid=13724, tid=664
#
# JRE version: OpenJDK Runtime Environment (17.0+35) (build 17+35-2724)
# Java VM: OpenJDK 64-Bit Server VM (17+35-2724, mixed mode, sharing, tiered, compressed oops, compressed class ptrs, g1 gc, windows-amd64)
# No core dump will be written. Minidumps are not enabled by default on client versions of Windows
#

---------------  S U M M A R Y ------------

Command Line: --add-opens=java.base/java.util=ALL-UNNAMED --add-opens=java.base/java.lang=ALL-UNNAMED --add-opens=java.base/java.lang.invoke=ALL-UNNAMED --add-opens=java.base/java.util=ALL-UNNAMED --add-opens=java.prefs/java.util.prefs=ALL-UNNAMED --add-opens=java.prefs/java.util.prefs=ALL-UNNAMED --add-opens=java.base/java.nio.charset=ALL-UNNAMED --add-opens=java.base/java.net=ALL-UNNAMED --add-opens=java.base/java.util.concurrent.atomic=ALL-UNNAMED -XX:MaxMetaspaceSize=256m -XX:+HeapDumpOnOutOfMemoryError -Xms256m -Xmx512m -Dfile.encoding=windows-1252 -Duser.country=US -Duser.language=en -Duser.variant org.gradle.launcher.daemon.bootstrap.GradleDaemon 7.3

Host: Intel(R) Core(TM) i5-7200U CPU @ 2.50GHz, 4 cores, 7G,  Windows 10 , 64 bit Build 22000 (10.0.22000.434)
Time: Thu Jan 13 18:19:09 2022 GTB Standard Time elapsed time: 20.371725 seconds (0d 0h 0m 20s)

---------------  T H R E A D  ---------------

Current thread (0x0000026dc4e13850):  JavaThread "C2 CompilerThread0" daemon [_thread_in_native, id=664, stack(0x000000d38f000000,0x000000d38f100000)]


Current CompileTask:
C2:  20373 5849       4       org.gradle.internal.logging.text.AbstractLineChoppingStyledTextOutput::doAppend (43 bytes)

Stack: [0x000000d38f000000,0x000000d38f100000]
Native frames: (J=compiled Java code, j=interpreted, Vv=VM code, C=native code)
V  [jvm.dll+0x66f8ea]
V  [jvm.dll+0x7ce224]
V  [jvm.dll+0x7cf9ce]
V  [jvm.dll+0x7d0033]
V  [jvm.dll+0x242bb5]
V  [jvm.dll+0xaa05b]
V  [jvm.dll+0xaa5ec]
V  [jvm.dll+0x35f9f7]
V  [jvm.dll+0x329f61]
V  [jvm.dll+0x32940a]
V  [jvm.dll+0x215ca1]
V  [jvm.dll+0x2150c1]
V  [jvm.dll+0x1a168d]
V  [jvm.dll+0x2248f8]
V  [jvm.dll+0x222a5c]
V  [jvm.dll+0x78422b]
V  [jvm.dll+0x77e7ea]
V  [jvm.dll+0x66e715]
C  [ucrtbase.dll+0x26c0c]
C  [KERNEL32.DLL+0x154e0]
C  [ntdll.dll+0x485b]


---------------  P R O C E S S  ---------------

Threads class SMR info:
_java_thread_list=0x0000026dcb576d80, length=86, elements={
0x0000026da8f36f50, 0x0000026dc4df1970, 0x0000026dc4df27e0, 0x0000026dc4e0eda0,
0x0000026dc4e0f750, 0x0000026dc4e10100, 0x0000026dc4e12ac0, 0x0000026dc4e13850,
0x0000026dc4e735d0, 0x0000026dc4e87b10, 0x0000026dc58c9250, 0x0000026dc58c9b30,
0x0000026dc77d0000, 0x0000026dc70e9d70, 0x0000026dc78e8450, 0x0000026dc5f97370,
0x0000026dc6fd20d0, 0x0000026dc6fa5490, 0x0000026dc69f8e90, 0x0000026dc7248f20,
0x0000026dc7248a50, 0x0000026dc7248580, 0x0000026dc72480b0, 0x0000026dc72498c0,
0x0000026dc7249d90, 0x0000026dc724ac00, 0x0000026dc724b5a0, 0x0000026dc724a260,
0x0000026dc724a730, 0x0000026dc72493f0, 0x0000026dc724ba70, 0x0000026dc5bc96d0,
0x0000026dc5bc7050, 0x0000026dc5bc5840, 0x0000026dc5bc5d10, 0x0000026dc5bc4ea0,
0x0000026dc5bc8860, 0x0000026dc5bc8390, 0x0000026dc5bc6b80, 0x0000026dc5bc49d0,
0x0000026dc5bca070, 0x0000026dc5bc4030, 0x0000026dc5bc7520, 0x0000026dc5bcaa10,
0x0000026dc5bc5370, 0x0000026dc5bc66b0, 0x0000026dc5bc31c0, 0x0000026dc5bc79f0,
0x0000026dc5bc9ba0, 0x0000026dc5bc9200, 0x0000026dc5bc7ec0, 0x0000026dc5bc8d30,
0x0000026dc5bc3690, 0x0000026dc4e5a060, 0x0000026dc4e5d550, 0x0000026dc4e5d080,
0x0000026dc4e5da20, 0x0000026dc4e5aed0, 0x0000026dc4e5a530, 0x0000026dc4e5b870,
0x0000026dc4e5cbb0, 0x0000026dc4e5c210, 0x0000026dc4e5aa00, 0x0000026dc5c81ac0,
0x0000026dc5c80c50, 0x0000026dc5c84140, 0x0000026dc5c837a0, 0x0000026dc5c85950,
0x0000026dc5c80780, 0x0000026dc5c867c0, 0x0000026dc5c87160, 0x0000026dc5c81f90,
0x0000026dc5c85480, 0x0000026dc5c87630, 0x0000026dc5c82460, 0x0000026dc5c862f0,
0x0000026dc5c85e20, 0x0000026dc5c82930, 0x0000026dc5c83c70, 0x0000026dc5c86c90,
0x0000026dc5c82e00, 0x0000026dc5c802b0, 0x0000026dc5c84610, 0x0000026dc5c81120,
0x0000026dc5c815f0, 0x0000026dc5c84ae0
}

Java Threads: ( => current thread )
  0x0000026da8f36f50 JavaThread "main" [_thread_blocked, id=17724, stack(0x000000d38e300000,0x000000d38e400000)]
  0x0000026dc4df1970 JavaThread "Reference Handler" daemon [_thread_blocked, id=14188, stack(0x000000d38ea00000,0x000000d38eb00000)]
  0x0000026dc4df27e0 JavaThread "Finalizer" daemon [_thread_blocked, id=17404, stack(0x000000d38eb00000,0x000000d38ec00000)]
  0x0000026dc4e0eda0 JavaThread "Signal Dispatcher" daemon [_thread_blocked, id=11544, stack(0x000000d38ec00000,0x000000d38ed00000)]
  0x0000026dc4e0f750 JavaThread "Attach Listener" daemon [_thread_blocked, id=12988, stack(0x000000d38ed00000,0x000000d38ee00000)]
  0x0000026dc4e10100 JavaThread "Service Thread" daemon [_thread_blocked, id=15352, stack(0x000000d38ee00000,0x000000d38ef00000)]
  0x0000026dc4e12ac0 JavaThread "Monitor Deflation Thread" daemon [_thread_blocked, id=3424, stack(0x000000d38ef00000,0x000000d38f000000)]
=>0x0000026dc4e13850 JavaThread "C2 CompilerThread0" daemon [_thread_in_native, id=664, stack(0x000000d38f000000,0x000000d38f100000)]
  0x0000026dc4e735d0 JavaThread "C1 CompilerThread0" daemon [_thread_blocked, id=2960, stack(0x000000d38f100000,0x000000d38f200000)]
  0x0000026dc4e87b10 JavaThread "Sweeper thread" daemon [_thread_blocked, id=6644, stack(0x000000d38f200000,0x000000d38f300000)]
  0x0000026dc58c9250 JavaThread "Common-Cleaner" daemon [_thread_blocked, id=16828, stack(0x000000d38f300000,0x000000d38f400000)]
  0x0000026dc58c9b30 JavaThread "Notification Thread" daemon [_thread_blocked, id=11164, stack(0x000000d38f400000,0x000000d38f500000)]
  0x0000026dc77d0000 JavaThread "Daemon health stats" [_thread_blocked, id=14480, stack(0x000000d38fa00000,0x000000d38fb00000)]
  0x0000026dc70e9d70 JavaThread "Incoming local TCP Connector on port 53516" [_thread_in_native, id=10872, stack(0x000000d38f600000,0x000000d38f700000)]
  0x0000026dc78e8450 JavaThread "Daemon periodic checks" [_thread_blocked, id=4256, stack(0x000000d38fb00000,0x000000d38fc00000)]
  0x0000026dc5f97370 JavaThread "Daemon" [_thread_blocked, id=2448, stack(0x000000d38fd00000,0x000000d38fe00000)]
  0x0000026dc6fd20d0 JavaThread "Handler for socket connection from /127.0.0.1:53516 to /127.0.0.1:53517" [_thread_in_native, id=16576, stack(0x000000d38fe00000,0x000000d38ff00000)]
  0x0000026dc6fa5490 JavaThread "Cancel handler" [_thread_blocked, id=12468, stack(0x000000d38ff00000,0x000000d390000000)]
  0x0000026dc69f8e90 JavaThread "Daemon worker" [_thread_blocked, id=3904, stack(0x000000d390000000,0x000000d390100000)]
  0x0000026dc7248f20 JavaThread "Asynchronous log dispatcher for DefaultDaemonConnection: socket connection from /127.0.0.1:53516 to /127.0.0.1:53517" [_thread_blocked, id=1716, stack(0x000000d390100000,0x000000d390200000)]
  0x0000026dc7248a50 JavaThread "Stdin handler" [_thread_blocked, id=10084, stack(0x000000d390200000,0x000000d390300000)]
  0x0000026dc7248580 JavaThread "Daemon client event forwarder" [_thread_blocked, id=13352, stack(0x000000d390300000,0x000000d390400000)]
  0x0000026dc72480b0 JavaThread "Cache worker for journal cache (C:\Users\Horia\.gradle\caches\journal-1)" [_thread_blocked, id=452, stack(0x000000d38fc00000,0x000000d38fd00000)]
  0x0000026dc72498c0 JavaThread "File lock request listener" [_thread_in_native, id=12308, stack(0x000000d390400000,0x000000d390500000)]
  0x0000026dc7249d90 JavaThread "Cache worker for file hash cache (C:\Users\Horia\.gradle\caches\7.3\fileHashes)" [_thread_blocked, id=14928, stack(0x000000d390500000,0x000000d390600000)]
  0x0000026dc724ac00 JavaThread "Cache worker for file hash cache (C:\Users\Horia\IdeaProjects\ex1\.gradle\7.3\fileHashes)" [_thread_blocked, id=4324, stack(0x000000d390600000,0x000000d390700000)]
  0x0000026dc724b5a0 JavaThread "File watcher server" daemon [_thread_in_native, id=7880, stack(0x000000d390800000,0x000000d390900000)]
  0x0000026dc724a260 JavaThread "File watcher consumer" daemon [_thread_blocked, id=10892, stack(0x000000d390900000,0x000000d390a00000)]
  0x0000026dc724a730 JavaThread "Cache worker for checksums cache (C:\Users\Horia\IdeaProjects\ex1\.gradle\7.3\checksums)" [_thread_blocked, id=14268, stack(0x000000d390a00000,0x000000d390b00000)]
  0x0000026dc72493f0 JavaThread "Cache worker for cache directory md-supplier (C:\Users\Horia\.gradle\caches\7.3\md-supplier)" [_thread_blocked, id=6132, stack(0x000000d390b00000,0x000000d390c00000)]
  0x0000026dc724ba70 JavaThread "Cache worker for cache directory md-rule (C:\Users\Horia\.gradle\caches\7.3\md-rule)" [_thread_blocked, id=13748, stack(0x000000d390c00000,0x000000d390d00000)]
  0x0000026dc5bc96d0 JavaThread "Cache worker for execution history cache (C:\Users\Horia\.gradle\caches\7.3\executionHistory)" [_thread_blocked, id=17608, stack(0x000000d390d00000,0x000000d390e00000)]
  0x0000026dc5bc7050 JavaThread "jar transforms" [_thread_blocked, id=13000, stack(0x000000d390700000,0x000000d390800000)]
  0x0000026dc5bc5840 JavaThread "jar transforms Thread 2" [_thread_blocked, id=15908, stack(0x000000d390e00000,0x000000d390f00000)]
  0x0000026dc5bc5d10 JavaThread "Cache worker for file content cache (C:\Users\Horia\.gradle\caches\7.3\fileContent)" [_thread_blocked, id=16476, stack(0x000000d391000000,0x000000d391100000)]
  0x0000026dc5bc4ea0 JavaThread "jar transforms Thread 3" [_thread_blocked, id=4504, stack(0x000000d391100000,0x000000d391200000)]
  0x0000026dc5bc8860 JavaThread "jar transforms Thread 4" [_thread_blocked, id=17128, stack(0x000000d391200000,0x000000d391300000)]
  0x0000026dc5bc8390 JavaThread "Cache worker for dependencies-accessors (C:\Users\Horia\IdeaProjects\ex1\.gradle\7.3\dependencies-accessors)" [_thread_blocked, id=2968, stack(0x000000d391300000,0x000000d391400000)]
  0x0000026dc5bc6b80 JavaThread "Cache worker for Build Output Cleanup Cache (C:\Users\Horia\IdeaProjects\ex1\.gradle\buildOutputCleanup)" [_thread_blocked, id=6304, stack(0x000000d391400000,0x000000d391500000)]
  0x0000026dc5bc49d0 JavaThread "Unconstrained build operations" [_thread_blocked, id=10584, stack(0x000000d391500000,0x000000d391600000)]
  0x0000026dc5bca070 JavaThread "Unconstrained build operations Thread 2" [_thread_blocked, id=4780, stack(0x000000d391600000,0x000000d391700000)]
  0x0000026dc5bc4030 JavaThread "Unconstrained build operations Thread 3" [_thread_blocked, id=3888, stack(0x000000d391700000,0x000000d391800000)]
  0x0000026dc5bc7520 JavaThread "Unconstrained build operations Thread 4" [_thread_blocked, id=6328, stack(0x000000d391800000,0x000000d391900000)]
  0x0000026dc5bcaa10 JavaThread "Unconstrained build operations Thread 5" [_thread_blocked, id=12380, stack(0x000000d391900000,0x000000d391a00000)]
  0x0000026dc5bc5370 JavaThread "Unconstrained build operations Thread 6" [_thread_blocked, id=9276, stack(0x000000d391a00000,0x000000d391b00000)]
  0x0000026dc5bc66b0 JavaThread "Unconstrained build operations Thread 7" [_thread_blocked, id=12416, stack(0x000000d391b00000,0x000000d391c00000)]
  0x0000026dc5bc31c0 JavaThread "Unconstrained build operations Thread 8" [_thread_blocked, id=17664, stack(0x000000d391c00000,0x000000d391d00000)]
  0x0000026dc5bc79f0 JavaThread "Unconstrained build operations Thread 9" [_thread_blocked, id=11296, stack(0x000000d391d00000,0x000000d391e00000)]
  0x0000026dc5bc9ba0 JavaThread "Unconstrained build operations Thread 10" [_thread_blocked, id=16696, stack(0x000000d391e00000,0x000000d391f00000)]
  0x0000026dc5bc9200 JavaThread "Unconstrained build operations Thread 11" [_thread_blocked, id=13392, stack(0x000000d391f00000,0x000000d392000000)]
  0x0000026dc5bc7ec0 JavaThread "Unconstrained build operations Thread 12" [_thread_blocked, id=17780, stack(0x000000d392000000,0x000000d392100000)]
  0x0000026dc5bc8d30 JavaThread "Unconstrained build operations Thread 13" [_thread_blocked, id=17864, stack(0x000000d392100000,0x000000d392200000)]
  0x0000026dc5bc3690 JavaThread "Unconstrained build operations Thread 14" [_thread_blocked, id=11116, stack(0x000000d392200000,0x000000d392300000)]
  0x0000026dc4e5a060 JavaThread "Unconstrained build operations Thread 15" [_thread_blocked, id=6744, stack(0x000000d392300000,0x000000d392400000)]
  0x0000026dc4e5d550 JavaThread "Unconstrained build operations Thread 16" [_thread_blocked, id=17640, stack(0x000000d392400000,0x000000d392500000)]
  0x0000026dc4e5d080 JavaThread "Unconstrained build operations Thread 17" [_thread_blocked, id=12672, stack(0x000000d392500000,0x000000d392600000)]
  0x0000026dc4e5da20 JavaThread "Unconstrained build operations Thread 18" [_thread_blocked, id=6340, stack(0x000000d392600000,0x000000d392700000)]
  0x0000026dc4e5aed0 JavaThread "Memory manager" [_thread_blocked, id=17144, stack(0x000000d392700000,0x000000d392800000)]
  0x0000026dc4e5a530 JavaThread "Execution worker for ':'" [_thread_blocked, id=11644, stack(0x000000d392800000,0x000000d392900000)]
  0x0000026dc4e5b870 JavaThread "Execution worker for ':' Thread 2" [_thread_blocked, id=10480, stack(0x000000d392900000,0x000000d392a00000)]
  0x0000026dc4e5cbb0 JavaThread "Execution worker for ':' Thread 3" [_thread_blocked, id=4860, stack(0x000000d392a00000,0x000000d392b00000)]
  0x0000026dc4e5c210 JavaThread "Cache worker for execution history cache (C:\Users\Horia\IdeaProjects\ex1\.gradle\7.3\executionHistory)" [_thread_blocked, id=18388, stack(0x000000d392c00000,0x000000d392d00000)]
  0x0000026dc4e5aa00 JavaThread "Unconstrained build operations Thread 19" [_thread_blocked, id=13196, stack(0x000000d392d00000,0x000000d392e00000)]
  0x0000026dc5c81ac0 JavaThread "Unconstrained build operations Thread 20" [_thread_blocked, id=17824, stack(0x000000d392e00000,0x000000d392f00000)]
  0x0000026dc5c80c50 JavaThread "Unconstrained build operations Thread 21" [_thread_blocked, id=18236, stack(0x000000d392f00000,0x000000d393000000)]
  0x0000026dc5c84140 JavaThread "Unconstrained build operations Thread 22" [_thread_blocked, id=16092, stack(0x000000d393000000,0x000000d393100000)]
  0x0000026dc5c837a0 JavaThread "Unconstrained build operations Thread 23" [_thread_blocked, id=14592, stack(0x000000d393100000,0x000000d393200000)]
  0x0000026dc5c85950 JavaThread "Unconstrained build operations Thread 24" [_thread_blocked, id=17356, stack(0x000000d393200000,0x000000d393300000)]
  0x0000026dc5c80780 JavaThread "Unconstrained build operations Thread 25" [_thread_blocked, id=11280, stack(0x000000d393300000,0x000000d393400000)]
  0x0000026dc5c867c0 JavaThread "Unconstrained build operations Thread 26" [_thread_blocked, id=540, stack(0x000000d393400000,0x000000d393500000)]
  0x0000026dc5c87160 JavaThread "Unconstrained build operations Thread 27" [_thread_blocked, id=10772, stack(0x000000d393500000,0x000000d393600000)]
  0x0000026dc5c81f90 JavaThread "Unconstrained build operations Thread 28" [_thread_blocked, id=16372, stack(0x000000d393600000,0x000000d393700000)]
  0x0000026dc5c85480 JavaThread "Unconstrained build operations Thread 29" [_thread_blocked, id=16464, stack(0x000000d393700000,0x000000d393800000)]
  0x0000026dc5c87630 JavaThread "Unconstrained build operations Thread 30" [_thread_blocked, id=13780, stack(0x000000d393800000,0x000000d393900000)]
  0x0000026dc5c82460 JavaThread "Unconstrained build operations Thread 31" [_thread_blocked, id=2464, stack(0x000000d393900000,0x000000d393a00000)]
  0x0000026dc5c862f0 JavaThread "Unconstrained build operations Thread 32" [_thread_blocked, id=8868, stack(0x000000d393a00000,0x000000d393b00000)]
  0x0000026dc5c85e20 JavaThread "Unconstrained build operations Thread 33" [_thread_blocked, id=6080, stack(0x000000d393b00000,0x000000d393c00000)]
  0x0000026dc5c82930 JavaThread "Unconstrained build operations Thread 34" [_thread_blocked, id=15252, stack(0x000000d393c00000,0x000000d393d00000)]
  0x0000026dc5c83c70 JavaThread "Unconstrained build operations Thread 35" [_thread_blocked, id=16544, stack(0x000000d393d00000,0x000000d393e00000)]
  0x0000026dc5c86c90 JavaThread "Unconstrained build operations Thread 36" [_thread_blocked, id=9132, stack(0x000000d393e00000,0x000000d393f00000)]
  0x0000026dc5c82e00 JavaThread "Unconstrained build operations Thread 37" [_thread_blocked, id=2208, stack(0x000000d393f00000,0x000000d394000000)]
  0x0000026dc5c802b0 JavaThread "Exec process" [_thread_in_native, id=14552, stack(0x000000d394000000,0x000000d394100000)]
  0x0000026dc5c84610 JavaThread "DisconnectableInputStream source reader" daemon [_thread_blocked, id=11416, stack(0x000000d394100000,0x000000d394200000)]
  0x0000026dc5c81120 JavaThread "Exec process Thread 2" [_thread_blocked, id=10452, stack(0x000000d394200000,0x000000d394300000)]
  0x0000026dc5c815f0 JavaThread "Exec process Thread 3" [_thread_in_native, id=13256, stack(0x000000d394300000,0x000000d394400000)]
  0x0000026dc5c84ae0 JavaThread "Exec process Thread 4" [_thread_in_native, id=15436, stack(0x000000d394400000,0x000000d394500000)]

Other Threads:
  0x0000026dc4deb620 VMThread "VM Thread" [stack: 0x000000d38e900000,0x000000d38ea00000] [id=8108]
  0x0000026dc58ca000 WatcherThread [stack: 0x000000d38f500000,0x000000d38f600000] [id=18204]
  0x0000026da8f5df20 GCTaskThread "GC Thread#0" [stack: 0x000000d38e400000,0x000000d38e500000] [id=15556]
  0x0000026dc62fa390 GCTaskThread "GC Thread#1" [stack: 0x000000d38f700000,0x000000d38f800000] [id=11384]
  0x0000026dc652a110 GCTaskThread "GC Thread#2" [stack: 0x000000d38f800000,0x000000d38f900000] [id=12096]
  0x0000026dc652a3c0 GCTaskThread "GC Thread#3" [stack: 0x000000d38f900000,0x000000d38fa00000] [id=9816]
  0x0000026da8f62e60 ConcurrentGCThread "G1 Main Marker" [stack: 0x000000d38e500000,0x000000d38e600000] [id=11368]
  0x0000026da8f65890 ConcurrentGCThread "G1 Conc#0" [stack: 0x000000d38e600000,0x000000d38e700000] [id=8624]
  0x0000026da900de90 ConcurrentGCThread "G1 Refine#0" [stack: 0x000000d38e700000,0x000000d38e800000] [id=11160]
  0x0000026dc9aafc40 ConcurrentGCThread "G1 Refine#1" [stack: 0x000000d392b00000,0x000000d392c00000] [id=15232]
  0x0000026da900e8b0 ConcurrentGCThread "G1 Service" [stack: 0x000000d38e800000,0x000000d38e900000] [id=6452]

Threads with active compile tasks:
C2 CompilerThread0    20525 5849       4       org.gradle.internal.logging.text.AbstractLineChoppingStyledTextOutput::doAppend (43 bytes)

VM state: not at safepoint (normal execution)

VM Mutex/Monitor currently owned by a thread: None

Heap address: 0x00000000e0000000, size: 512 MB, Compressed Oops mode: 32-bit

CDS archive(s) mapped at: [0x0000000800000000-0x0000000800bc0000-0x0000000800bc0000), size 12320768, SharedBaseAddress: 0x0000000800000000, ArchiveRelocationMode: 0.
Compressed class space mapped at: 0x0000000800c00000-0x000000080dc00000, reserved size: 218103808
Narrow klass base: 0x0000000800000000, Narrow klass shift: 0, Narrow klass range: 0x100000000

GC Precious Log:
 CPUs: 4 total, 4 available
 Memory: 8100M
 Large Page Support: Disabled
 NUMA Support: Disabled
 Compressed Oops: Enabled (32-bit)
 Heap Region Size: 1M
 Heap Min Capacity: 256M
 Heap Initial Capacity: 256M
 Heap Max Capacity: 512M
 Pre-touch: Disabled
 Parallel Workers: 4
 Concurrent Workers: 1
 Concurrent Refinement Workers: 4
 Periodic GC: Disabled

Heap:
 garbage-first heap   total 262144K, used 58964K [0x00000000e0000000, 0x0000000100000000)
  region size 1024K, 39 young (39936K), 20 survivors (20480K)
 Metaspace       used 49925K, committed 50432K, reserved 262144K
  class space    used 7227K, committed 7424K, reserved 212992K

Heap Regions: E=young(eden), S=young(survivor), O=old, HS=humongous(starts), HC=humongous(continues), CS=collection set, F=free, OA=open archive, CA=closed archive, TAMS=top-at-mark-start (previous, next)
|   0|0x00000000e0000000, 0x00000000e0100000, 0x00000000e0100000|100%| O|  |TAMS 0x00000000e0100000, 0x00000000e0000000| Untracked 
|   1|0x00000000e0100000, 0x00000000e0200000, 0x00000000e0200000|100%| O|  |TAMS 0x00000000e0200000, 0x00000000e0100000| Untracked 
|   2|0x00000000e0200000, 0x00000000e0300000, 0x00000000e0300000|100%| O|  |TAMS 0x00000000e0200000, 0x00000000e0200000| Untracked 
|   3|0x00000000e0300000, 0x00000000e0400000, 0x00000000e0400000|100%|HS|  |TAMS 0x00000000e0400000, 0x00000000e0300000| Complete 
|   4|0x00000000e0400000, 0x00000000e0500000, 0x00000000e0500000|100%|HC|  |TAMS 0x00000000e0500000, 0x00000000e0400000| Complete 
|   5|0x00000000e0500000, 0x00000000e0600000, 0x00000000e0600000|100%|HC|  |TAMS 0x00000000e0600000, 0x00000000e0500000| Complete 
|   6|0x00000000e0600000, 0x00000000e0700000, 0x00000000e0700000|100%| O|  |TAMS 0x00000000e0700000, 0x00000000e0600000| Untracked 
|   7|0x00000000e0700000, 0x00000000e0800000, 0x00000000e0800000|100%| O|  |TAMS 0x00000000e0800000, 0x00000000e0700000| Untracked 
|   8|0x00000000e0800000, 0x00000000e0900000, 0x00000000e0900000|100%| O|  |TAMS 0x00000000e0900000, 0x00000000e0800000| Untracked 
|   9|0x00000000e0900000, 0x00000000e0a00000, 0x00000000e0a00000|100%| O|  |TAMS 0x00000000e0a00000, 0x00000000e0900000| Untracked 
|  10|0x00000000e0a00000, 0x00000000e0b00000, 0x00000000e0b00000|100%| O|  |TAMS 0x00000000e0a2ac00, 0x00000000e0a00000| Untracked 
|  11|0x00000000e0b00000, 0x00000000e0c00000, 0x00000000e0c00000|100%| O|  |TAMS 0x00000000e0b00000, 0x00000000e0b00000| Untracked 
|  12|0x00000000e0c00000, 0x00000000e0d00000, 0x00000000e0d00000|100%| O|  |TAMS 0x00000000e0c00000, 0x00000000e0c00000| Untracked 
|  13|0x00000000e0d00000, 0x00000000e0e00000, 0x00000000e0e00000|100%| O|  |TAMS 0x00000000e0d00000, 0x00000000e0d00000| Untracked 
|  14|0x00000000e0e00000, 0x00000000e0f00000, 0x00000000e0f00000|100%| O|  |TAMS 0x00000000e0e00000, 0x00000000e0e00000| Untracked 
|  15|0x00000000e0f00000, 0x00000000e1000000, 0x00000000e1000000|100%| O|  |TAMS 0x00000000e0f00000, 0x00000000e0f00000| Untracked 
|  16|0x00000000e1000000, 0x00000000e1100000, 0x00000000e1100000|100%| O|  |TAMS 0x00000000e1000000, 0x00000000e1000000| Untracked 
|  17|0x00000000e1100000, 0x00000000e1200000, 0x00000000e1200000|100%| O|  |TAMS 0x00000000e1100000, 0x00000000e1100000| Untracked 
|  18|0x00000000e1200000, 0x00000000e1300000, 0x00000000e1300000|100%| O|  |TAMS 0x00000000e1200000, 0x00000000e1200000| Untracked 
|  19|0x00000000e1300000, 0x00000000e1395000, 0x00000000e1400000| 58%| O|  |TAMS 0x00000000e1300000, 0x00000000e1300000| Untracked 
|  20|0x00000000e1400000, 0x00000000e1400000, 0x00000000e1500000|  0%| F|  |TAMS 0x00000000e1400000, 0x00000000e1400000| Untracked 
|  21|0x00000000e1500000, 0x00000000e1500000, 0x00000000e1600000|  0%| F|  |TAMS 0x00000000e1500000, 0x00000000e1500000| Untracked 
|  22|0x00000000e1600000, 0x00000000e1600000, 0x00000000e1700000|  0%| F|  |TAMS 0x00000000e1600000, 0x00000000e1600000| Untracked 
|  23|0x00000000e1700000, 0x00000000e1700000, 0x00000000e1800000|  0%| F|  |TAMS 0x00000000e1700000, 0x00000000e1700000| Untracked 
|  24|0x00000000e1800000, 0x00000000e1800000, 0x00000000e1900000|  0%| F|  |TAMS 0x00000000e1800000, 0x00000000e1800000| Untracked 
|  25|0x00000000e1900000, 0x00000000e1900000, 0x00000000e1a00000|  0%| F|  |TAMS 0x00000000e1900000, 0x00000000e1900000| Untracked 
|  26|0x00000000e1a00000, 0x00000000e1a00000, 0x00000000e1b00000|  0%| F|  |TAMS 0x00000000e1a00000, 0x00000000e1a00000| Untracked 
|  27|0x00000000e1b00000, 0x00000000e1b00000, 0x00000000e1c00000|  0%| F|  |TAMS 0x00000000e1b00000, 0x00000000e1b00000| Untracked 
|  28|0x00000000e1c00000, 0x00000000e1c00000, 0x00000000e1d00000|  0%| F|  |TAMS 0x00000000e1c00000, 0x00000000e1c00000| Untracked 
|  29|0x00000000e1d00000, 0x00000000e1d00000, 0x00000000e1e00000|  0%| F|  |TAMS 0x00000000e1d00000, 0x00000000e1d00000| Untracked 
|  30|0x00000000e1e00000, 0x00000000e1e00000, 0x00000000e1f00000|  0%| F|  |TAMS 0x00000000e1e00000, 0x00000000e1e00000| Untracked 
|  31|0x00000000e1f00000, 0x00000000e1f00000, 0x00000000e2000000|  0%| F|  |TAMS 0x00000000e1f00000, 0x00000000e1f00000| Untracked 
|  32|0x00000000e2000000, 0x00000000e2000000, 0x00000000e2100000|  0%| F|  |TAMS 0x00000000e2000000, 0x00000000e2000000| Untracked 
|  33|0x00000000e2100000, 0x00000000e2100000, 0x00000000e2200000|  0%| F|  |TAMS 0x00000000e2100000, 0x00000000e2100000| Untracked 
|  34|0x00000000e2200000, 0x00000000e2200000, 0x00000000e2300000|  0%| F|  |TAMS 0x00000000e2200000, 0x00000000e2200000| Untracked 
|  35|0x00000000e2300000, 0x00000000e2300000, 0x00000000e2400000|  0%| F|  |TAMS 0x00000000e2300000, 0x00000000e2300000| Untracked 
|  36|0x00000000e2400000, 0x00000000e2400000, 0x00000000e2500000|  0%| F|  |TAMS 0x00000000e2400000, 0x00000000e2400000| Untracked 
|  37|0x00000000e2500000, 0x00000000e2500000, 0x00000000e2600000|  0%| F|  |TAMS 0x00000000e2500000, 0x00000000e2500000| Untracked 
|  38|0x00000000e2600000, 0x00000000e2600000, 0x00000000e2700000|  0%| F|  |TAMS 0x00000000e2600000, 0x00000000e2600000| Untracked 
|  39|0x00000000e2700000, 0x00000000e2700000, 0x00000000e2800000|  0%| F|  |TAMS 0x00000000e2700000, 0x00000000e2700000| Untracked 
|  40|0x00000000e2800000, 0x00000000e2800000, 0x00000000e2900000|  0%| F|  |TAMS 0x00000000e2800000, 0x00000000e2800000| Untracked 
|  41|0x00000000e2900000, 0x00000000e2900000, 0x00000000e2a00000|  0%| F|  |TAMS 0x00000000e2900000, 0x00000000e2900000| Untracked 
|  42|0x00000000e2a00000, 0x00000000e2a00000, 0x00000000e2b00000|  0%| F|  |TAMS 0x00000000e2a00000, 0x00000000e2a00000| Untracked 
|  43|0x00000000e2b00000, 0x00000000e2b00000, 0x00000000e2c00000|  0%| F|  |TAMS 0x00000000e2b00000, 0x00000000e2b00000| Untracked 
|  44|0x00000000e2c00000, 0x00000000e2c00000, 0x00000000e2d00000|  0%| F|  |TAMS 0x00000000e2c00000, 0x00000000e2c00000| Untracked 
|  45|0x00000000e2d00000, 0x00000000e2d00000, 0x00000000e2e00000|  0%| F|  |TAMS 0x00000000e2d00000, 0x00000000e2d00000| Untracked 
|  46|0x00000000e2e00000, 0x00000000e2e00000, 0x00000000e2f00000|  0%| F|  |TAMS 0x00000000e2e00000, 0x00000000e2e00000| Untracked 
|  47|0x00000000e2f00000, 0x00000000e2f00000, 0x00000000e3000000|  0%| F|  |TAMS 0x00000000e2f00000, 0x00000000e2f00000| Untracked 
|  48|0x00000000e3000000, 0x00000000e3000000, 0x00000000e3100000|  0%| F|  |TAMS 0x00000000e3000000, 0x00000000e3000000| Untracked 
|  49|0x00000000e3100000, 0x00000000e3100000, 0x00000000e3200000|  0%| F|  |TAMS 0x00000000e3100000, 0x00000000e3100000| Untracked 
|  50|0x00000000e3200000, 0x00000000e3200000, 0x00000000e3300000|  0%| F|  |TAMS 0x00000000e3200000, 0x00000000e3200000| Untracked 
|  51|0x00000000e3300000, 0x00000000e3300000, 0x00000000e3400000|  0%| F|  |TAMS 0x00000000e3300000, 0x00000000e3300000| Untracked 
|  52|0x00000000e3400000, 0x00000000e3400000, 0x00000000e3500000|  0%| F|  |TAMS 0x00000000e3400000, 0x00000000e3400000| Untracked 
|  53|0x00000000e3500000, 0x00000000e3500000, 0x00000000e3600000|  0%| F|  |TAMS 0x00000000e3500000, 0x00000000e3500000| Untracked 
|  54|0x00000000e3600000, 0x00000000e3600000, 0x00000000e3700000|  0%| F|  |TAMS 0x00000000e3600000, 0x00000000e3600000| Untracked 
|  55|0x00000000e3700000, 0x00000000e3700000, 0x00000000e3800000|  0%| F|  |TAMS 0x00000000e3700000, 0x00000000e3700000| Untracked 
|  56|0x00000000e3800000, 0x00000000e3800000, 0x00000000e3900000|  0%| F|  |TAMS 0x00000000e3800000, 0x00000000e3800000| Untracked 
|  57|0x00000000e3900000, 0x00000000e3900000, 0x00000000e3a00000|  0%| F|  |TAMS 0x00000000e3900000, 0x00000000e3900000| Untracked 
|  58|0x00000000e3a00000, 0x00000000e3a00000, 0x00000000e3b00000|  0%| F|  |TAMS 0x00000000e3a00000, 0x00000000e3a00000| Untracked 
|  59|0x00000000e3b00000, 0x00000000e3b00000, 0x00000000e3c00000|  0%| F|  |TAMS 0x00000000e3b00000, 0x00000000e3b00000| Untracked 
|  60|0x00000000e3c00000, 0x00000000e3c00000, 0x00000000e3d00000|  0%| F|  |TAMS 0x00000000e3c00000, 0x00000000e3c00000| Untracked 
|  61|0x00000000e3d00000, 0x00000000e3d00000, 0x00000000e3e00000|  0%| F|  |TAMS 0x00000000e3d00000, 0x00000000e3d00000| Untracked 
|  62|0x00000000e3e00000, 0x00000000e3e00000, 0x00000000e3f00000|  0%| F|  |TAMS 0x00000000e3e00000, 0x00000000e3e00000| Untracked 
|  63|0x00000000e3f00000, 0x00000000e3f00000, 0x00000000e4000000|  0%| F|  |TAMS 0x00000000e3f00000, 0x00000000e3f00000| Untracked 
|  64|0x00000000e4000000, 0x00000000e4000000, 0x00000000e4100000|  0%| F|  |TAMS 0x00000000e4000000, 0x00000000e4000000| Untracked 
|  65|0x00000000e4100000, 0x00000000e4100000, 0x00000000e4200000|  0%| F|  |TAMS 0x00000000e4100000, 0x00000000e4100000| Untracked 
|  66|0x00000000e4200000, 0x00000000e4200000, 0x00000000e4300000|  0%| F|  |TAMS 0x00000000e4200000, 0x00000000e4200000| Untracked 
|  67|0x00000000e4300000, 0x00000000e4300000, 0x00000000e4400000|  0%| F|  |TAMS 0x00000000e4300000, 0x00000000e4300000| Untracked 
|  68|0x00000000e4400000, 0x00000000e4400000, 0x00000000e4500000|  0%| F|  |TAMS 0x00000000e4400000, 0x00000000e4400000| Untracked 
|  69|0x00000000e4500000, 0x00000000e4500000, 0x00000000e4600000|  0%| F|  |TAMS 0x00000000e4500000, 0x00000000e4500000| Untracked 
|  70|0x00000000e4600000, 0x00000000e4600000, 0x00000000e4700000|  0%| F|  |TAMS 0x00000000e4600000, 0x00000000e4600000| Untracked 
|  71|0x00000000e4700000, 0x00000000e4700000, 0x00000000e4800000|  0%| F|  |TAMS 0x00000000e4700000, 0x00000000e4700000| Untracked 
|  72|0x00000000e4800000, 0x00000000e4800000, 0x00000000e4900000|  0%| F|  |TAMS 0x00000000e4800000, 0x00000000e4800000| Untracked 
|  73|0x00000000e4900000, 0x00000000e4900000, 0x00000000e4a00000|  0%| F|  |TAMS 0x00000000e4900000, 0x00000000e4900000| Untracked 
|  74|0x00000000e4a00000, 0x00000000e4a00000, 0x00000000e4b00000|  0%| F|  |TAMS 0x00000000e4a00000, 0x00000000e4a00000| Untracked 
|  75|0x00000000e4b00000, 0x00000000e4b00000, 0x00000000e4c00000|  0%| F|  |TAMS 0x00000000e4b00000, 0x00000000e4b00000| Untracked 
|  76|0x00000000e4c00000, 0x00000000e4c00000, 0x00000000e4d00000|  0%| F|  |TAMS 0x00000000e4c00000, 0x00000000e4c00000| Untracked 
|  77|0x00000000e4d00000, 0x00000000e4d00000, 0x00000000e4e00000|  0%| F|  |TAMS 0x00000000e4d00000, 0x00000000e4d00000| Untracked 
|  78|0x00000000e4e00000, 0x00000000e4e00000, 0x00000000e4f00000|  0%| F|  |TAMS 0x00000000e4e00000, 0x00000000e4e00000| Untracked 
|  79|0x00000000e4f00000, 0x00000000e4f00000, 0x00000000e5000000|  0%| F|  |TAMS 0x00000000e4f00000, 0x00000000e4f00000| Untracked 
|  80|0x00000000e5000000, 0x00000000e5000000, 0x00000000e5100000|  0%| F|  |TAMS 0x00000000e5000000, 0x00000000e5000000| Untracked 
|  81|0x00000000e5100000, 0x00000000e5100000, 0x00000000e5200000|  0%| F|  |TAMS 0x00000000e5100000, 0x00000000e5100000| Untracked 
|  82|0x00000000e5200000, 0x00000000e5200000, 0x00000000e5300000|  0%| F|  |TAMS 0x00000000e5200000, 0x00000000e5200000| Untracked 
|  83|0x00000000e5300000, 0x00000000e5400000, 0x00000000e5400000|100%| S|CS|TAMS 0x00000000e5300000, 0x00000000e5300000| Complete 
|  84|0x00000000e5400000, 0x00000000e5500000, 0x00000000e5500000|100%| S|CS|TAMS 0x00000000e5400000, 0x00000000e5400000| Complete 
|  85|0x00000000e5500000, 0x00000000e5600000, 0x00000000e5600000|100%| S|CS|TAMS 0x00000000e5500000, 0x00000000e5500000| Complete 
|  86|0x00000000e5600000, 0x00000000e5700000, 0x00000000e5700000|100%| S|CS|TAMS 0x00000000e5600000, 0x00000000e5600000| Complete 
|  87|0x00000000e5700000, 0x00000000e5800000, 0x00000000e5800000|100%| S|CS|TAMS 0x00000000e5700000, 0x00000000e5700000| Complete 
|  88|0x00000000e5800000, 0x00000000e5900000, 0x00000000e5900000|100%| S|CS|TAMS 0x00000000e5800000, 0x00000000e5800000| Complete 
|  89|0x00000000e5900000, 0x00000000e5a00000, 0x00000000e5a00000|100%| S|CS|TAMS 0x00000000e5900000, 0x00000000e5900000| Complete 
|  90|0x00000000e5a00000, 0x00000000e5b00000, 0x00000000e5b00000|100%| S|CS|TAMS 0x00000000e5a00000, 0x00000000e5a00000| Complete 
|  91|0x00000000e5b00000, 0x00000000e5c00000, 0x00000000e5c00000|100%| S|CS|TAMS 0x00000000e5b00000, 0x00000000e5b00000| Complete 
|  92|0x00000000e5c00000, 0x00000000e5d00000, 0x00000000e5d00000|100%| S|CS|TAMS 0x00000000e5c00000, 0x00000000e5c00000| Complete 
|  93|0x00000000e5d00000, 0x00000000e5e00000, 0x00000000e5e00000|100%| S|CS|TAMS 0x00000000e5d00000, 0x00000000e5d00000| Complete 
|  94|0x00000000e5e00000, 0x00000000e5f00000, 0x00000000e5f00000|100%| S|CS|TAMS 0x00000000e5e00000, 0x00000000e5e00000| Complete 
|  95|0x00000000e5f00000, 0x00000000e6000000, 0x00000000e6000000|100%| S|CS|TAMS 0x00000000e5f00000, 0x00000000e5f00000| Complete 
|  96|0x00000000e6000000, 0x00000000e6100000, 0x00000000e6100000|100%| S|CS|TAMS 0x00000000e6000000, 0x00000000e6000000| Complete 
|  97|0x00000000e6100000, 0x00000000e6200000, 0x00000000e6200000|100%| S|CS|TAMS 0x00000000e6100000, 0x00000000e6100000| Complete 
|  98|0x00000000e6200000, 0x00000000e6300000, 0x00000000e6300000|100%| S|CS|TAMS 0x00000000e6200000, 0x00000000e6200000| Complete 
|  99|0x00000000e6300000, 0x00000000e6400000, 0x00000000e6400000|100%| S|CS|TAMS 0x00000000e6300000, 0x00000000e6300000| Complete 
| 100|0x00000000e6400000, 0x00000000e6500000, 0x00000000e6500000|100%| S|CS|TAMS 0x00000000e6400000, 0x00000000e6400000| Complete 
| 101|0x00000000e6500000, 0x00000000e6600000, 0x00000000e6600000|100%| S|CS|TAMS 0x00000000e6500000, 0x00000000e6500000| Complete 
| 102|0x00000000e6600000, 0x00000000e6700000, 0x00000000e6700000|100%| S|CS|TAMS 0x00000000e6600000, 0x00000000e6600000| Complete 
| 103|0x00000000e6700000, 0x00000000e6700000, 0x00000000e6800000|  0%| F|  |TAMS 0x00000000e6700000, 0x00000000e6700000| Untracked 
| 104|0x00000000e6800000, 0x00000000e6800000, 0x00000000e6900000|  0%| F|  |TAMS 0x00000000e6800000, 0x00000000e6800000| Untracked 
| 105|0x00000000e6900000, 0x00000000e6900000, 0x00000000e6a00000|  0%| F|  |TAMS 0x00000000e6900000, 0x00000000e6900000| Untracked 
| 106|0x00000000e6a00000, 0x00000000e6a00000, 0x00000000e6b00000|  0%| F|  |TAMS 0x00000000e6a00000, 0x00000000e6a00000| Untracked 
| 107|0x00000000e6b00000, 0x00000000e6b00000, 0x00000000e6c00000|  0%| F|  |TAMS 0x00000000e6b00000, 0x00000000e6b00000| Untracked 
| 108|0x00000000e6c00000, 0x00000000e6c00000, 0x00000000e6d00000|  0%| F|  |TAMS 0x00000000e6c00000, 0x00000000e6c00000| Untracked 
| 109|0x00000000e6d00000, 0x00000000e6d00000, 0x00000000e6e00000|  0%| F|  |TAMS 0x00000000e6d00000, 0x00000000e6d00000| Untracked 
| 110|0x00000000e6e00000, 0x00000000e6e00000, 0x00000000e6f00000|  0%| F|  |TAMS 0x00000000e6e00000, 0x00000000e6e00000| Untracked 
| 111|0x00000000e6f00000, 0x00000000e6f00000, 0x00000000e7000000|  0%| F|  |TAMS 0x00000000e6f00000, 0x00000000e6f00000| Untracked 
| 112|0x00000000e7000000, 0x00000000e7000000, 0x00000000e7100000|  0%| F|  |TAMS 0x00000000e7000000, 0x00000000e7000000| Untracked 
| 113|0x00000000e7100000, 0x00000000e7100000, 0x00000000e7200000|  0%| F|  |TAMS 0x00000000e7100000, 0x00000000e7100000| Untracked 
| 114|0x00000000e7200000, 0x00000000e7200000, 0x00000000e7300000|  0%| F|  |TAMS 0x00000000e7200000, 0x00000000e7200000| Untracked 
| 115|0x00000000e7300000, 0x00000000e7300000, 0x00000000e7400000|  0%| F|  |TAMS 0x00000000e7300000, 0x00000000e7300000| Untracked 
| 116|0x00000000e7400000, 0x00000000e7400000, 0x00000000e7500000|  0%| F|  |TAMS 0x00000000e7400000, 0x00000000e7400000| Untracked 
| 117|0x00000000e7500000, 0x00000000e7500000, 0x00000000e7600000|  0%| F|  |TAMS 0x00000000e7500000, 0x00000000e7500000| Untracked 
| 118|0x00000000e7600000, 0x00000000e7600000, 0x00000000e7700000|  0%| F|  |TAMS 0x00000000e7600000, 0x00000000e7600000| Untracked 
| 119|0x00000000e7700000, 0x00000000e7700000, 0x00000000e7800000|  0%| F|  |TAMS 0x00000000e7700000, 0x00000000e7700000| Untracked 
| 120|0x00000000e7800000, 0x00000000e7800000, 0x00000000e7900000|  0%| F|  |TAMS 0x00000000e7800000, 0x00000000e7800000| Untracked 
| 121|0x00000000e7900000, 0x00000000e7900000, 0x00000000e7a00000|  0%| F|  |TAMS 0x00000000e7900000, 0x00000000e7900000| Untracked 
| 122|0x00000000e7a00000, 0x00000000e7a00000, 0x00000000e7b00000|  0%| F|  |TAMS 0x00000000e7a00000, 0x00000000e7a00000| Untracked 
| 123|0x00000000e7b00000, 0x00000000e7b00000, 0x00000000e7c00000|  0%| F|  |TAMS 0x00000000e7b00000, 0x00000000e7b00000| Untracked 
| 124|0x00000000e7c00000, 0x00000000e7c00000, 0x00000000e7d00000|  0%| F|  |TAMS 0x00000000e7c00000, 0x00000000e7c00000| Untracked 
| 125|0x00000000e7d00000, 0x00000000e7d00000, 0x00000000e7e00000|  0%| F|  |TAMS 0x00000000e7d00000, 0x00000000e7d00000| Untracked 
| 126|0x00000000e7e00000, 0x00000000e7e00000, 0x00000000e7f00000|  0%| F|  |TAMS 0x00000000e7e00000, 0x00000000e7e00000| Untracked 
| 127|0x00000000e7f00000, 0x00000000e7f00000, 0x00000000e8000000|  0%| F|  |TAMS 0x00000000e7f00000, 0x00000000e7f00000| Untracked 
| 128|0x00000000e8000000, 0x00000000e8000000, 0x00000000e8100000|  0%| F|  |TAMS 0x00000000e8000000, 0x00000000e8000000| Untracked 
| 129|0x00000000e8100000, 0x00000000e8100000, 0x00000000e8200000|  0%| F|  |TAMS 0x00000000e8100000, 0x00000000e8100000| Untracked 
| 130|0x00000000e8200000, 0x00000000e8200000, 0x00000000e8300000|  0%| F|  |TAMS 0x00000000e8200000, 0x00000000e8200000| Untracked 
| 131|0x00000000e8300000, 0x00000000e8300000, 0x00000000e8400000|  0%| F|  |TAMS 0x00000000e8300000, 0x00000000e8300000| Untracked 
| 132|0x00000000e8400000, 0x00000000e8400000, 0x00000000e8500000|  0%| F|  |TAMS 0x00000000e8400000, 0x00000000e8400000| Untracked 
| 133|0x00000000e8500000, 0x00000000e8500000, 0x00000000e8600000|  0%| F|  |TAMS 0x00000000e8500000, 0x00000000e8500000| Untracked 
| 134|0x00000000e8600000, 0x00000000e8600000, 0x00000000e8700000|  0%| F|  |TAMS 0x00000000e8600000, 0x00000000e8600000| Untracked 
| 135|0x00000000e8700000, 0x00000000e8700000, 0x00000000e8800000|  0%| F|  |TAMS 0x00000000e8700000, 0x00000000e8700000| Untracked 
| 136|0x00000000e8800000, 0x00000000e8800000, 0x00000000e8900000|  0%| F|  |TAMS 0x00000000e8800000, 0x00000000e8800000| Untracked 
| 137|0x00000000e8900000, 0x00000000e8900000, 0x00000000e8a00000|  0%| F|  |TAMS 0x00000000e8900000, 0x00000000e8900000| Untracked 
| 138|0x00000000e8a00000, 0x00000000e8a00000, 0x00000000e8b00000|  0%| F|  |TAMS 0x00000000e8a00000, 0x00000000e8a00000| Untracked 
| 139|0x00000000e8b00000, 0x00000000e8b00000, 0x00000000e8c00000|  0%| F|  |TAMS 0x00000000e8b00000, 0x00000000e8b00000| Untracked 
| 140|0x00000000e8c00000, 0x00000000e8c00000, 0x00000000e8d00000|  0%| F|  |TAMS 0x00000000e8c00000, 0x00000000e8c00000| Untracked 
| 141|0x00000000e8d00000, 0x00000000e8d00000, 0x00000000e8e00000|  0%| F|  |TAMS 0x00000000e8d00000, 0x00000000e8d00000| Untracked 
| 142|0x00000000e8e00000, 0x00000000e8e00000, 0x00000000e8f00000|  0%| F|  |TAMS 0x00000000e8e00000, 0x00000000e8e00000| Untracked 
| 143|0x00000000e8f00000, 0x00000000e8f00000, 0x00000000e9000000|  0%| F|  |TAMS 0x00000000e8f00000, 0x00000000e8f00000| Untracked 
| 144|0x00000000e9000000, 0x00000000e9000000, 0x00000000e9100000|  0%| F|  |TAMS 0x00000000e9000000, 0x00000000e9000000| Untracked 
| 145|0x00000000e9100000, 0x00000000e9100000, 0x00000000e9200000|  0%| F|  |TAMS 0x00000000e9100000, 0x00000000e9100000| Untracked 
| 146|0x00000000e9200000, 0x00000000e9200000, 0x00000000e9300000|  0%| F|  |TAMS 0x00000000e9200000, 0x00000000e9200000| Untracked 
| 147|0x00000000e9300000, 0x00000000e9300000, 0x00000000e9400000|  0%| F|  |TAMS 0x00000000e9300000, 0x00000000e9300000| Untracked 
| 148|0x00000000e9400000, 0x00000000e9400000, 0x00000000e9500000|  0%| F|  |TAMS 0x00000000e9400000, 0x00000000e9400000| Untracked 
| 149|0x00000000e9500000, 0x00000000e9500000, 0x00000000e9600000|  0%| F|  |TAMS 0x00000000e9500000, 0x00000000e9500000| Untracked 
| 150|0x00000000e9600000, 0x00000000e9600000, 0x00000000e9700000|  0%| F|  |TAMS 0x00000000e9600000, 0x00000000e9600000| Untracked 
| 151|0x00000000e9700000, 0x00000000e9700000, 0x00000000e9800000|  0%| F|  |TAMS 0x00000000e9700000, 0x00000000e9700000| Untracked 
| 152|0x00000000e9800000, 0x00000000e9800000, 0x00000000e9900000|  0%| F|  |TAMS 0x00000000e9800000, 0x00000000e9800000| Untracked 
| 153|0x00000000e9900000, 0x00000000e9900000, 0x00000000e9a00000|  0%| F|  |TAMS 0x00000000e9900000, 0x00000000e9900000| Untracked 
| 154|0x00000000e9a00000, 0x00000000e9a00000, 0x00000000e9b00000|  0%| F|  |TAMS 0x00000000e9a00000, 0x00000000e9a00000| Untracked 
| 155|0x00000000e9b00000, 0x00000000e9b00000, 0x00000000e9c00000|  0%| F|  |TAMS 0x00000000e9b00000, 0x00000000e9b00000| Untracked 
| 156|0x00000000e9c00000, 0x00000000e9c00000, 0x00000000e9d00000|  0%| F|  |TAMS 0x00000000e9c00000, 0x00000000e9c00000| Untracked 
| 157|0x00000000e9d00000, 0x00000000e9d00000, 0x00000000e9e00000|  0%| F|  |TAMS 0x00000000e9d00000, 0x00000000e9d00000| Untracked 
| 158|0x00000000e9e00000, 0x00000000e9e00000, 0x00000000e9f00000|  0%| F|  |TAMS 0x00000000e9e00000, 0x00000000e9e00000| Untracked 
| 159|0x00000000e9f00000, 0x00000000e9f00000, 0x00000000ea000000|  0%| F|  |TAMS 0x00000000e9f00000, 0x00000000e9f00000| Untracked 
| 160|0x00000000ea000000, 0x00000000ea000000, 0x00000000ea100000|  0%| F|  |TAMS 0x00000000ea000000, 0x00000000ea000000| Untracked 
| 161|0x00000000ea100000, 0x00000000ea100000, 0x00000000ea200000|  0%| F|  |TAMS 0x00000000ea100000, 0x00000000ea100000| Untracked 
| 162|0x00000000ea200000, 0x00000000ea200000, 0x00000000ea300000|  0%| F|  |TAMS 0x00000000ea200000, 0x00000000ea200000| Untracked 
| 163|0x00000000ea300000, 0x00000000ea300000, 0x00000000ea400000|  0%| F|  |TAMS 0x00000000ea300000, 0x00000000ea300000| Untracked 
| 164|0x00000000ea400000, 0x00000000ea400000, 0x00000000ea500000|  0%| F|  |TAMS 0x00000000ea400000, 0x00000000ea400000| Untracked 
| 165|0x00000000ea500000, 0x00000000ea500000, 0x00000000ea600000|  0%| F|  |TAMS 0x00000000ea500000, 0x00000000ea500000| Untracked 
| 166|0x00000000ea600000, 0x00000000ea600000, 0x00000000ea700000|  0%| F|  |TAMS 0x00000000ea600000, 0x00000000ea600000| Untracked 
| 167|0x00000000ea700000, 0x00000000ea700000, 0x00000000ea800000|  0%| F|  |TAMS 0x00000000ea700000, 0x00000000ea700000| Untracked 
| 168|0x00000000ea800000, 0x00000000ea800000, 0x00000000ea900000|  0%| F|  |TAMS 0x00000000ea800000, 0x00000000ea800000| Untracked 
| 169|0x00000000ea900000, 0x00000000ea900000, 0x00000000eaa00000|  0%| F|  |TAMS 0x00000000ea900000, 0x00000000ea900000| Untracked 
| 170|0x00000000eaa00000, 0x00000000eaa00000, 0x00000000eab00000|  0%| F|  |TAMS 0x00000000eaa00000, 0x00000000eaa00000| Untracked 
| 171|0x00000000eab00000, 0x00000000eab00000, 0x00000000eac00000|  0%| F|  |TAMS 0x00000000eab00000, 0x00000000eab00000| Untracked 
| 172|0x00000000eac00000, 0x00000000eac00000, 0x00000000ead00000|  0%| F|  |TAMS 0x00000000eac00000, 0x00000000eac00000| Untracked 
| 173|0x00000000ead00000, 0x00000000ead00000, 0x00000000eae00000|  0%| F|  |TAMS 0x00000000ead00000, 0x00000000ead00000| Untracked 
| 174|0x00000000eae00000, 0x00000000eae00000, 0x00000000eaf00000|  0%| F|  |TAMS 0x00000000eae00000, 0x00000000eae00000| Untracked 
| 175|0x00000000eaf00000, 0x00000000eaf00000, 0x00000000eb000000|  0%| F|  |TAMS 0x00000000eaf00000, 0x00000000eaf00000| Untracked 
| 176|0x00000000eb000000, 0x00000000eb000000, 0x00000000eb100000|  0%| F|  |TAMS 0x00000000eb000000, 0x00000000eb000000| Untracked 
| 177|0x00000000eb100000, 0x00000000eb100000, 0x00000000eb200000|  0%| F|  |TAMS 0x00000000eb100000, 0x00000000eb100000| Untracked 
| 178|0x00000000eb200000, 0x00000000eb200000, 0x00000000eb300000|  0%| F|  |TAMS 0x00000000eb200000, 0x00000000eb200000| Untracked 
| 179|0x00000000eb300000, 0x00000000eb300000, 0x00000000eb400000|  0%| F|  |TAMS 0x00000000eb300000, 0x00000000eb300000| Untracked 
| 180|0x00000000eb400000, 0x00000000eb400000, 0x00000000eb500000|  0%| F|  |TAMS 0x00000000eb400000, 0x00000000eb400000| Untracked 
| 181|0x00000000eb500000, 0x00000000eb500000, 0x00000000eb600000|  0%| F|  |TAMS 0x00000000eb500000, 0x00000000eb500000| Untracked 
| 182|0x00000000eb600000, 0x00000000eb600000, 0x00000000eb700000|  0%| F|  |TAMS 0x00000000eb600000, 0x00000000eb600000| Untracked 
| 183|0x00000000eb700000, 0x00000000eb700000, 0x00000000eb800000|  0%| F|  |TAMS 0x00000000eb700000, 0x00000000eb700000| Untracked 
| 184|0x00000000eb800000, 0x00000000eb800000, 0x00000000eb900000|  0%| F|  |TAMS 0x00000000eb800000, 0x00000000eb800000| Untracked 
| 185|0x00000000eb900000, 0x00000000eb900000, 0x00000000eba00000|  0%| F|  |TAMS 0x00000000eb900000, 0x00000000eb900000| Untracked 
| 186|0x00000000eba00000, 0x00000000eba00000, 0x00000000ebb00000|  0%| F|  |TAMS 0x00000000eba00000, 0x00000000eba00000| Untracked 
| 187|0x00000000ebb00000, 0x00000000ebb00000, 0x00000000ebc00000|  0%| F|  |TAMS 0x00000000ebb00000, 0x00000000ebb00000| Untracked 
| 188|0x00000000ebc00000, 0x00000000ebc00000, 0x00000000ebd00000|  0%| F|  |TAMS 0x00000000ebc00000, 0x00000000ebc00000| Untracked 
| 189|0x00000000ebd00000, 0x00000000ebd00000, 0x00000000ebe00000|  0%| F|  |TAMS 0x00000000ebd00000, 0x00000000ebd00000| Untracked 
| 190|0x00000000ebe00000, 0x00000000ebe00000, 0x00000000ebf00000|  0%| F|  |TAMS 0x00000000ebe00000, 0x00000000ebe00000| Untracked 
| 191|0x00000000ebf00000, 0x00000000ebf00000, 0x00000000ec000000|  0%| F|  |TAMS 0x00000000ebf00000, 0x00000000ebf00000| Untracked 
| 192|0x00000000ec000000, 0x00000000ec000000, 0x00000000ec100000|  0%| F|  |TAMS 0x00000000ec000000, 0x00000000ec000000| Untracked 
| 193|0x00000000ec100000, 0x00000000ec100000, 0x00000000ec200000|  0%| F|  |TAMS 0x00000000ec100000, 0x00000000ec100000| Untracked 
| 194|0x00000000ec200000, 0x00000000ec200000, 0x00000000ec300000|  0%| F|  |TAMS 0x00000000ec200000, 0x00000000ec200000| Untracked 
| 195|0x00000000ec300000, 0x00000000ec300000, 0x00000000ec400000|  0%| F|  |TAMS 0x00000000ec300000, 0x00000000ec300000| Untracked 
| 196|0x00000000ec400000, 0x00000000ec400000, 0x00000000ec500000|  0%| F|  |TAMS 0x00000000ec400000, 0x00000000ec400000| Untracked 
| 197|0x00000000ec500000, 0x00000000ec500000, 0x00000000ec600000|  0%| F|  |TAMS 0x00000000ec500000, 0x00000000ec500000| Untracked 
| 198|0x00000000ec600000, 0x00000000ec600000, 0x00000000ec700000|  0%| F|  |TAMS 0x00000000ec600000, 0x00000000ec600000| Untracked 
| 199|0x00000000ec700000, 0x00000000ec700000, 0x00000000ec800000|  0%| F|  |TAMS 0x00000000ec700000, 0x00000000ec700000| Untracked 
| 200|0x00000000ec800000, 0x00000000ec800000, 0x00000000ec900000|  0%| F|  |TAMS 0x00000000ec800000, 0x00000000ec800000| Untracked 
| 201|0x00000000ec900000, 0x00000000ec900000, 0x00000000eca00000|  0%| F|  |TAMS 0x00000000ec900000, 0x00000000ec900000| Untracked 
| 202|0x00000000eca00000, 0x00000000eca00000, 0x00000000ecb00000|  0%| F|  |TAMS 0x00000000eca00000, 0x00000000eca00000| Untracked 
| 203|0x00000000ecb00000, 0x00000000ecb00000, 0x00000000ecc00000|  0%| F|  |TAMS 0x00000000ecb00000, 0x00000000ecb00000| Untracked 
| 204|0x00000000ecc00000, 0x00000000ecc00000, 0x00000000ecd00000|  0%| F|  |TAMS 0x00000000ecc00000, 0x00000000ecc00000| Untracked 
| 205|0x00000000ecd00000, 0x00000000ecd00000, 0x00000000ece00000|  0%| F|  |TAMS 0x00000000ecd00000, 0x00000000ecd00000| Untracked 
| 206|0x00000000ece00000, 0x00000000ece00000, 0x00000000ecf00000|  0%| F|  |TAMS 0x00000000ece00000, 0x00000000ece00000| Untracked 
| 207|0x00000000ecf00000, 0x00000000ecf00000, 0x00000000ed000000|  0%| F|  |TAMS 0x00000000ecf00000, 0x00000000ecf00000| Untracked 
| 208|0x00000000ed000000, 0x00000000ed000000, 0x00000000ed100000|  0%| F|  |TAMS 0x00000000ed000000, 0x00000000ed000000| Untracked 
| 209|0x00000000ed100000, 0x00000000ed100000, 0x00000000ed200000|  0%| F|  |TAMS 0x00000000ed100000, 0x00000000ed100000| Untracked 
| 210|0x00000000ed200000, 0x00000000ed200000, 0x00000000ed300000|  0%| F|  |TAMS 0x00000000ed200000, 0x00000000ed200000| Untracked 
| 211|0x00000000ed300000, 0x00000000ed300000, 0x00000000ed400000|  0%| F|  |TAMS 0x00000000ed300000, 0x00000000ed300000| Untracked 
| 212|0x00000000ed400000, 0x00000000ed400000, 0x00000000ed500000|  0%| F|  |TAMS 0x00000000ed400000, 0x00000000ed400000| Untracked 
| 213|0x00000000ed500000, 0x00000000ed500000, 0x00000000ed600000|  0%| F|  |TAMS 0x00000000ed500000, 0x00000000ed500000| Untracked 
| 214|0x00000000ed600000, 0x00000000ed600000, 0x00000000ed700000|  0%| F|  |TAMS 0x00000000ed600000, 0x00000000ed600000| Untracked 
| 215|0x00000000ed700000, 0x00000000ed700000, 0x00000000ed800000|  0%| F|  |TAMS 0x00000000ed700000, 0x00000000ed700000| Untracked 
| 216|0x00000000ed800000, 0x00000000ed800000, 0x00000000ed900000|  0%| F|  |TAMS 0x00000000ed800000, 0x00000000ed800000| Untracked 
| 217|0x00000000ed900000, 0x00000000ed900000, 0x00000000eda00000|  0%| F|  |TAMS 0x00000000ed900000, 0x00000000ed900000| Untracked 
| 218|0x00000000eda00000, 0x00000000eda00000, 0x00000000edb00000|  0%| F|  |TAMS 0x00000000eda00000, 0x00000000eda00000| Untracked 
| 219|0x00000000edb00000, 0x00000000edb00000, 0x00000000edc00000|  0%| F|  |TAMS 0x00000000edb00000, 0x00000000edb00000| Untracked 
| 220|0x00000000edc00000, 0x00000000edc00000, 0x00000000edd00000|  0%| F|  |TAMS 0x00000000edc00000, 0x00000000edc00000| Untracked 
| 221|0x00000000edd00000, 0x00000000edd00000, 0x00000000ede00000|  0%| F|  |TAMS 0x00000000edd00000, 0x00000000edd00000| Untracked 
| 222|0x00000000ede00000, 0x00000000ede00000, 0x00000000edf00000|  0%| F|  |TAMS 0x00000000ede00000, 0x00000000ede00000| Untracked 
| 223|0x00000000edf00000, 0x00000000edf00000, 0x00000000ee000000|  0%| F|  |TAMS 0x00000000edf00000, 0x00000000edf00000| Untracked 
| 224|0x00000000ee000000, 0x00000000ee000000, 0x00000000ee100000|  0%| F|  |TAMS 0x00000000ee000000, 0x00000000ee000000| Untracked 
| 225|0x00000000ee100000, 0x00000000ee100000, 0x00000000ee200000|  0%| F|  |TAMS 0x00000000ee100000, 0x00000000ee100000| Untracked 
| 226|0x00000000ee200000, 0x00000000ee200000, 0x00000000ee300000|  0%| F|  |TAMS 0x00000000ee200000, 0x00000000ee200000| Untracked 
| 227|0x00000000ee300000, 0x00000000ee300000, 0x00000000ee400000|  0%| F|  |TAMS 0x00000000ee300000, 0x00000000ee300000| Untracked 
| 228|0x00000000ee400000, 0x00000000ee400000, 0x00000000ee500000|  0%| F|  |TAMS 0x00000000ee400000, 0x00000000ee400000| Untracked 
| 229|0x00000000ee500000, 0x00000000ee500000, 0x00000000ee600000|  0%| F|  |TAMS 0x00000000ee500000, 0x00000000ee500000| Untracked 
| 230|0x00000000ee600000, 0x00000000ee600000, 0x00000000ee700000|  0%| F|  |TAMS 0x00000000ee600000, 0x00000000ee600000| Untracked 
| 231|0x00000000ee700000, 0x00000000ee700000, 0x00000000ee800000|  0%| F|  |TAMS 0x00000000ee700000, 0x00000000ee700000| Untracked 
| 232|0x00000000ee800000, 0x00000000ee800000, 0x00000000ee900000|  0%| F|  |TAMS 0x00000000ee800000, 0x00000000ee800000| Untracked 
| 233|0x00000000ee900000, 0x00000000ee900000, 0x00000000eea00000|  0%| F|  |TAMS 0x00000000ee900000, 0x00000000ee900000| Untracked 
| 234|0x00000000eea00000, 0x00000000eea00000, 0x00000000eeb00000|  0%| F|  |TAMS 0x00000000eea00000, 0x00000000eea00000| Untracked 
| 235|0x00000000eeb00000, 0x00000000eeb00000, 0x00000000eec00000|  0%| F|  |TAMS 0x00000000eeb00000, 0x00000000eeb00000| Untracked 
| 236|0x00000000eec00000, 0x00000000eec00000, 0x00000000eed00000|  0%| F|  |TAMS 0x00000000eec00000, 0x00000000eec00000| Untracked 
| 237|0x00000000eed00000, 0x00000000eeddfc38, 0x00000000eee00000| 87%| E|  |TAMS 0x00000000eed00000, 0x00000000eed00000| Complete 
| 238|0x00000000eee00000, 0x00000000eef00000, 0x00000000eef00000|100%| E|CS|TAMS 0x00000000eee00000, 0x00000000eee00000| Complete 
| 239|0x00000000eef00000, 0x00000000ef000000, 0x00000000ef000000|100%| E|CS|TAMS 0x00000000eef00000, 0x00000000eef00000| Complete 
| 240|0x00000000ef000000, 0x00000000ef100000, 0x00000000ef100000|100%| E|CS|TAMS 0x00000000ef000000, 0x00000000ef000000| Complete 
| 241|0x00000000ef100000, 0x00000000ef200000, 0x00000000ef200000|100%| E|CS|TAMS 0x00000000ef100000, 0x00000000ef100000| Complete 
| 242|0x00000000ef200000, 0x00000000ef300000, 0x00000000ef300000|100%| E|CS|TAMS 0x00000000ef200000, 0x00000000ef200000| Complete 
| 243|0x00000000ef300000, 0x00000000ef400000, 0x00000000ef400000|100%| E|CS|TAMS 0x00000000ef300000, 0x00000000ef300000| Complete 
| 244|0x00000000ef400000, 0x00000000ef500000, 0x00000000ef500000|100%| E|CS|TAMS 0x00000000ef400000, 0x00000000ef400000| Complete 
| 245|0x00000000ef500000, 0x00000000ef600000, 0x00000000ef600000|100%| E|CS|TAMS 0x00000000ef500000, 0x00000000ef500000| Complete 
| 246|0x00000000ef600000, 0x00000000ef700000, 0x00000000ef700000|100%| E|CS|TAMS 0x00000000ef600000, 0x00000000ef600000| Complete 
| 247|0x00000000ef700000, 0x00000000ef800000, 0x00000000ef800000|100%| E|CS|TAMS 0x00000000ef700000, 0x00000000ef700000| Complete 
| 248|0x00000000ef800000, 0x00000000ef900000, 0x00000000ef900000|100%| E|CS|TAMS 0x00000000ef800000, 0x00000000ef800000| Complete 
| 249|0x00000000ef900000, 0x00000000efa00000, 0x00000000efa00000|100%| E|CS|TAMS 0x00000000ef900000, 0x00000000ef900000| Complete 
| 250|0x00000000efa00000, 0x00000000efb00000, 0x00000000efb00000|100%| E|CS|TAMS 0x00000000efa00000, 0x00000000efa00000| Complete 
| 251|0x00000000efb00000, 0x00000000efc00000, 0x00000000efc00000|100%| E|CS|TAMS 0x00000000efb00000, 0x00000000efb00000| Complete 
| 252|0x00000000efc00000, 0x00000000efd00000, 0x00000000efd00000|100%| E|CS|TAMS 0x00000000efc00000, 0x00000000efc00000| Complete 
| 253|0x00000000efd00000, 0x00000000efe00000, 0x00000000efe00000|100%| E|CS|TAMS 0x00000000efd00000, 0x00000000efd00000| Complete 
| 254|0x00000000efe00000, 0x00000000eff00000, 0x00000000eff00000|100%| E|CS|TAMS 0x00000000efe00000, 0x00000000efe00000| Complete 
| 255|0x00000000eff00000, 0x00000000f0000000, 0x00000000f0000000|100%| E|CS|TAMS 0x00000000eff00000, 0x00000000eff00000| Complete 

Card table byte_map: [0x0000026dc1650000,0x0000026dc1750000] _byte_map_base: 0x0000026dc0f50000

Marking Bits (Prev, Next): (CMBitMap*) 0x0000026da8f5e530, (CMBitMap*) 0x0000026da8f5e570
 Prev Bits: [0x0000026dc1850000, 0x0000026dc2050000)
 Next Bits: [0x0000026dc2050000, 0x0000026dc2850000)

Polling page: 0x0000026da9010000

Metaspace:

Usage:
  Non-class:     41.70 MB used.
      Class:      7.06 MB used.
       Both:     48.76 MB used.

Virtual space:
  Non-class space:       48.00 MB reserved,      42.00 MB ( 88%) committed,  6 nodes.
      Class space:      208.00 MB reserved,       7.25 MB (  3%) committed,  1 nodes.
             Both:      256.00 MB reserved,      49.25 MB ( 19%) committed. 

Chunk freelists:
   Non-Class:  1.47 MB
       Class:  646.00 KB
        Both:  2.10 MB

MaxMetaspaceSize: 256.00 MB
CompressedClassSpaceSize: 208.00 MB
Initial GC threshold: 21.00 MB
Current GC threshold: 59.50 MB
CDS: on
MetaspaceReclaimPolicy: balanced
 - commit_granule_bytes: 65536.
 - commit_granule_words: 8192.
 - virtual_space_node_default_size: 1048576.
 - enlarge_chunks_in_place: 1.
 - new_chunks_are_fully_committed: 0.
 - uncommit_free_chunks: 1.
 - use_allocation_guard: 0.
 - handle_deallocations: 1.


Internal statistics:

num_allocs_failed_limit: 6.
num_arena_births: 544.
num_arena_deaths: 0.
num_vsnodes_births: 7.
num_vsnodes_deaths: 0.
num_space_committed: 788.
num_space_uncommitted: 0.
num_chunks_returned_to_freelist: 6.
num_chunks_taken_from_freelist: 2513.
num_chunk_merges: 6.
num_chunk_splits: 1649.
num_chunks_enlarged: 1090.
num_purges: 0.
num_inconsistent_stats: 0.

CodeHeap 'non-profiled nmethods': size=120000Kb used=2846Kb max_used=3219Kb free=117153Kb
 bounds [0x0000026db9a00000, 0x0000026db9d30000, 0x0000026dc0f30000]
CodeHeap 'profiled nmethods': size=120000Kb used=10212Kb max_used=11096Kb free=109788Kb
 bounds [0x0000026db24d0000, 0x0000026db2fb0000, 0x0000026db9a00000]
CodeHeap 'non-nmethods': size=5760Kb used=2322Kb max_used=2421Kb free=3437Kb
 bounds [0x0000026db1f30000, 0x0000026db21b0000, 0x0000026db24d0000]
 total_blobs=5921 nmethods=5086 adapters=746
 compilation: enabled
              stopped_count=0, restarted_count=0
 full_count=0

Compilation events (20 events):
Event: 20.320 Thread 0x0000026dc4e735d0 5858       3       org.gradle.internal.io.StreamByteBuffer::hasRemaining (17 bytes)
Event: 20.321 Thread 0x0000026dc4e735d0 nmethod 5858 0x0000026db2ad2290 code [0x0000026db2ad2440, 0x0000026db2ad26b8]
Event: 20.321 Thread 0x0000026dc4e735d0 5859       3       org.gradle.internal.logging.events.RenderableOutputEvent::<init> (15 bytes)
Event: 20.321 Thread 0x0000026dc4e735d0 nmethod 5859 0x0000026db252ab90 code [0x0000026db252ad40, 0x0000026db252b078]
Event: 20.327 Thread 0x0000026dc4e735d0 5860       3       org.gradle.internal.logging.console.StyledTextOutputBackedRenderer$OutputEventTextOutputImpl::doLineText (17 bytes)
Event: 20.328 Thread 0x0000026dc4e735d0 nmethod 5860 0x0000026db252a410 code [0x0000026db252a5e0, 0x0000026db252aa18]
Event: 20.331 Thread 0x0000026dc4e735d0 5861       3       org.gradle.internal.logging.text.AbstractLineChoppingStyledTextOutput$StateContext::flushLineText (113 bytes)
Event: 20.332 Thread 0x0000026dc4e735d0 nmethod 5861 0x0000026db2529410 code [0x0000026db25296a0, 0x0000026db252a038]
Event: 20.336 Thread 0x0000026dc4e735d0 5862       3       org.gradle.internal.logging.sink.ProgressLogEventGenerator$Operation::completeHeader (154 bytes)
Event: 20.338 Thread 0x0000026dc4e735d0 nmethod 5862 0x0000026db26fb290 code [0x0000026db26fb5c0, 0x0000026db26fc728]
Event: 20.340 Thread 0x0000026dc4e735d0 5863       3       org.gradle.internal.event.BroadcastDispatch$CompositeDispatch::dispatch (9 bytes)
Event: 20.341 Thread 0x0000026dc4e735d0 nmethod 5863 0x0000026db2528d10 code [0x0000026db2528ee0, 0x0000026db25292f8]
Event: 20.341 Thread 0x0000026dc4e735d0 5864       3       org.gradle.internal.logging.console.StyledTextOutputBackedRenderer::onOutput (260 bytes)
Event: 20.344 Thread 0x0000026dc4e735d0 nmethod 5864 0x0000026db262cd90 code [0x0000026db262d240, 0x0000026db2630188]
Event: 20.344 Thread 0x0000026dc4e735d0 5866       3       java.util.AbstractCollection::toArray (70 bytes)
Event: 20.345 Thread 0x0000026dc4e735d0 nmethod 5866 0x0000026db26fa190 code [0x0000026db26fa3e0, 0x0000026db26fada8]
Event: 20.345 Thread 0x0000026dc4e735d0 5865       3       org.gradle.internal.io.StreamByteBuffer::totalBytesUnread (52 bytes)
Event: 20.345 Thread 0x0000026dc4e735d0 nmethod 5865 0x0000026db2ad1d10 code [0x0000026db2ad1ec0, 0x0000026db2ad2178]
Event: 20.345 Thread 0x0000026dc4e735d0 5867   !   3       jdk.proxy1.$Proxy0::onOutput (34 bytes)
Event: 20.346 Thread 0x0000026dc4e735d0 nmethod 5867 0x0000026db25c3590 code [0x0000026db25c3760, 0x0000026db25c3c78]

GC Heap History (12 events):
Event: 2.808 GC heap before
{Heap before GC invocations=0 (full 0):
 garbage-first heap   total 262144K, used 18432K [0x00000000e0000000, 0x0000000100000000)
  region size 1024K, 13 young (13312K), 0 survivors (0K)
 Metaspace       used 1221K, committed 1408K, reserved 221184K
  class space    used 106K, committed 192K, reserved 212992K
}
Event: 2.817 GC heap after
{Heap after GC invocations=1 (full 0):
 garbage-first heap   total 262144K, used 8428K [0x00000000e0000000, 0x0000000100000000)
  region size 1024K, 2 young (2048K), 2 survivors (2048K)
 Metaspace       used 1221K, committed 1408K, reserved 221184K
  class space    used 106K, committed 192K, reserved 212992K
}
Event: 3.413 GC heap before
{Heap before GC invocations=1 (full 0):
 garbage-first heap   total 262144K, used 21740K [0x00000000e0000000, 0x0000000100000000)
  region size 1024K, 15 young (15360K), 2 survivors (2048K)
 Metaspace       used 3656K, committed 3840K, reserved 221184K
  class space    used 462K, committed 576K, reserved 212992K
}
Event: 3.416 GC heap after
{Heap after GC invocations=2 (full 0):
 garbage-first heap   total 262144K, used 9405K [0x00000000e0000000, 0x0000000100000000)
  region size 1024K, 1 young (1024K), 1 survivors (1024K)
 Metaspace       used 3656K, committed 3840K, reserved 221184K
  class space    used 462K, committed 576K, reserved 212992K
}
Event: 4.065 GC heap before
{Heap before GC invocations=2 (full 0):
 garbage-first heap   total 262144K, used 37053K [0x00000000e0000000, 0x0000000100000000)
  region size 1024K, 28 young (28672K), 1 survivors (1024K)
 Metaspace       used 3952K, committed 4096K, reserved 221184K
  class space    used 486K, committed 576K, reserved 212992K
}
Event: 4.069 GC heap after
{Heap after GC invocations=3 (full 0):
 garbage-first heap   total 262144K, used 13483K [0x00000000e0000000, 0x0000000100000000)
  region size 1024K, 4 young (4096K), 4 survivors (4096K)
 Metaspace       used 3952K, committed 4096K, reserved 221184K
  class space    used 486K, committed 576K, reserved 212992K
}
Event: 9.126 GC heap before
{Heap before GC invocations=3 (full 0):
 garbage-first heap   total 262144K, used 108715K [0x00000000e0000000, 0x0000000100000000)
  region size 1024K, 98 young (100352K), 4 survivors (4096K)
 Metaspace       used 21269K, committed 21504K, reserved 237568K
  class space    used 3155K, committed 3264K, reserved 212992K
}
Event: 9.142 GC heap after
{Heap after GC invocations=4 (full 0):
 garbage-first heap   total 262144K, used 20639K [0x00000000e0000000, 0x0000000100000000)
  region size 1024K, 11 young (11264K), 11 survivors (11264K)
 Metaspace       used 21269K, committed 21504K, reserved 237568K
  class space    used 3155K, committed 3264K, reserved 212992K
}
Event: 12.088 GC heap before
{Heap before GC invocations=5 (full 0):
 garbage-first heap   total 262144K, used 126111K [0x00000000e0000000, 0x0000000100000000)
  region size 1024K, 112 young (114688K), 11 survivors (11264K)
 Metaspace       used 35996K, committed 36288K, reserved 245760K
  class space    used 4957K, committed 5120K, reserved 212992K
}
Event: 12.111 GC heap after
{Heap after GC invocations=6 (full 0):
 garbage-first heap   total 262144K, used 30257K [0x00000000e0000000, 0x0000000100000000)
  region size 1024K, 17 young (17408K), 17 survivors (17408K)
 Metaspace       used 35996K, committed 36288K, reserved 245760K
  class space    used 4957K, committed 5120K, reserved 212992K
}
Event: 15.835 GC heap before
{Heap before GC invocations=7 (full 0):
 garbage-first heap   total 262144K, used 168497K [0x00000000e0000000, 0x0000000100000000)
  region size 1024K, 153 young (156672K), 17 survivors (17408K)
 Metaspace       used 47903K, committed 48448K, reserved 262144K
  class space    used 6871K, committed 7104K, reserved 212992K
}
Event: 15.880 GC heap after
{Heap after GC invocations=8 (full 0):
 garbage-first heap   total 262144K, used 40532K [0x00000000e0000000, 0x0000000100000000)
  region size 1024K, 20 young (20480K), 20 survivors (20480K)
 Metaspace       used 47903K, committed 48448K, reserved 262144K
  class space    used 6871K, committed 7104K, reserved 212992K
}

Deoptimization events (20 events):
Event: 16.373 Thread 0x0000026dc69f8e90 Uncommon trap: trap_request=0xffffffde fr.pc=0x0000026db9b1c824 relative=0x0000000000000084
Event: 16.373 Thread 0x0000026dc69f8e90 Uncommon trap: reason=class_check action=maybe_recompile pc=0x0000026db9b1c824 method=java.util.Collections$SetFromMap.remove(Ljava/lang/Object;)Z @ 5 c2
Event: 16.373 Thread 0x0000026dc69f8e90 DEOPT PACKING pc=0x0000026db9b1c824 sp=0x000000d3900fb2a0
Event: 16.373 Thread 0x0000026dc69f8e90 DEOPT UNPACKING pc=0x0000026db1f823a3 sp=0x000000d3900fb238 mode 2
Event: 16.482 Thread 0x0000026dc69f8e90 Uncommon trap: trap_request=0xffffffde fr.pc=0x0000026db9b1c824 relative=0x0000000000000084
Event: 16.482 Thread 0x0000026dc69f8e90 Uncommon trap: reason=class_check action=maybe_recompile pc=0x0000026db9b1c824 method=java.util.Collections$SetFromMap.remove(Ljava/lang/Object;)Z @ 5 c2
Event: 16.482 Thread 0x0000026dc69f8e90 DEOPT PACKING pc=0x0000026db9b1c824 sp=0x000000d3900fb2a0
Event: 16.482 Thread 0x0000026dc69f8e90 DEOPT UNPACKING pc=0x0000026db1f823a3 sp=0x000000d3900fb238 mode 2
Event: 16.487 Thread 0x0000026dc69f8e90 Uncommon trap: trap_request=0xffffffde fr.pc=0x0000026db9b1c824 relative=0x0000000000000084
Event: 16.487 Thread 0x0000026dc69f8e90 Uncommon trap: reason=class_check action=maybe_recompile pc=0x0000026db9b1c824 method=java.util.Collections$SetFromMap.remove(Ljava/lang/Object;)Z @ 5 c2
Event: 16.487 Thread 0x0000026dc69f8e90 DEOPT PACKING pc=0x0000026db9b1c824 sp=0x000000d3900fb2a0
Event: 16.487 Thread 0x0000026dc69f8e90 DEOPT UNPACKING pc=0x0000026db1f823a3 sp=0x000000d3900fb238 mode 2
Event: 16.487 Thread 0x0000026dc69f8e90 Uncommon trap: trap_request=0xffffffde fr.pc=0x0000026db9b1c824 relative=0x0000000000000084
Event: 16.487 Thread 0x0000026dc69f8e90 Uncommon trap: reason=class_check action=maybe_recompile pc=0x0000026db9b1c824 method=java.util.Collections$SetFromMap.remove(Ljava/lang/Object;)Z @ 5 c2
Event: 16.487 Thread 0x0000026dc69f8e90 DEOPT PACKING pc=0x0000026db9b1c824 sp=0x000000d3900fb140
Event: 16.487 Thread 0x0000026dc69f8e90 DEOPT UNPACKING pc=0x0000026db1f823a3 sp=0x000000d3900fb0d8 mode 2
Event: 16.718 Thread 0x0000026dc5c84ae0 Uncommon trap: trap_request=0xffffffde fr.pc=0x0000026db9bb9584 relative=0x00000000000008a4
Event: 16.718 Thread 0x0000026dc5c84ae0 Uncommon trap: reason=class_check action=maybe_recompile pc=0x0000026db9bb9584 method=java.io.BufferedInputStream.read1([BII)I @ 39 c2
Event: 16.718 Thread 0x0000026dc5c84ae0 DEOPT PACKING pc=0x0000026db9bb9584 sp=0x000000d3944fef60
Event: 16.718 Thread 0x0000026dc5c84ae0 DEOPT UNPACKING pc=0x0000026db1f823a3 sp=0x000000d3944fee78 mode 2

Classes unloaded (0 events):
No events

Classes redefined (0 events):
No events

Internal exceptions (20 events):
Event: 16.000 Thread 0x0000026dc7248580 Exception <a 'java/lang/NoSuchMethodError'{0x00000000efe483a8}: static Lorg/gradle/internal/build/event/types/AbstractProgressEvent;.<clinit>()V> (0x00000000efe483a8) 
thrown [t:\workspace\open\src\hotspot\share\prims\jni.cpp, line 1107]
Event: 16.002 Thread 0x0000026dc7248580 Exception <a 'java/lang/NoSuchMethodError'{0x00000000efca2f70}: static Lorg/gradle/internal/build/event/types/DefaultTaskDescriptor;.<clinit>()V> (0x00000000efca2f70) 
thrown [t:\workspace\open\src\hotspot\share\prims\jni.cpp, line 1107]
Event: 16.007 Thread 0x0000026dc7248580 Exception <a 'java/lang/NoSuchMethodError'{0x00000000efcbc978}: static Lorg/gradle/internal/operations/OperationIdentifier;.<clinit>()V> (0x00000000efcbc978) 
thrown [t:\workspace\open\src\hotspot\share\prims\jni.cpp, line 1107]
Event: 16.008 Thread 0x0000026dc7248580 Exception <a 'java/lang/NoSuchMethodError'{0x00000000efcc42f8}: static Lorg/gradle/internal/build/event/types/DefaultBinaryPluginIdentifier;.<clinit>()V> (0x00000000efcc42f8) 
thrown [t:\workspace\open\src\hotspot\share\prims\jni.cpp, line 1107]
Event: 16.021 Thread 0x0000026dc69f8e90 Exception <a 'java/lang/IncompatibleClassChangeError'{0x00000000efc71518}: Found class java.lang.Object, but interface was expected> (0x00000000efc71518) 
thrown [t:\workspace\open\src\hotspot\share\interpreter\linkResolver.cpp, line 833]
Event: 16.105 Thread 0x0000026dc69f8e90 Exception <a 'java/lang/IncompatibleClassChangeError'{0x00000000efa74838}: Found class java.lang.Object, but interface was expected> (0x00000000efa74838) 
thrown [t:\workspace\open\src\hotspot\share\interpreter\linkResolver.cpp, line 833]
Event: 16.317 Thread 0x0000026dc69f8e90 Exception <a 'java/lang/NoSuchMethodError'{0x00000000ef4972f0}: 'int java.lang.invoke.DirectMethodHandle$Holder.invokeStaticInit(java.lang.Object, java.lang.Object, java.lang.Object, java.lang.Object, java.lang.Object)'> (0x00000000ef4972f0) 
thrown [t:\workspace\open\src\hotspot\share\interpreter\linkResolver.cpp, line 766]
Event: 16.374 Thread 0x0000026dc7248580 Exception <a 'java/lang/NoSuchMethodError'{0x00000000efccccc8}: static Lorg/gradle/internal/build/event/types/DefaultTaskFinishedProgressEvent;.<clinit>()V> (0x00000000efccccc8) 
thrown [t:\workspace\open\src\hotspot\share\prims\jni.cpp, line 1107]
Event: 16.382 Thread 0x0000026dc7248580 Exception <a 'java/lang/NoSuchMethodError'{0x00000000ef20ea28}: static Lorg/gradle/internal/build/event/types/DefaultTaskSuccessResult;.<clinit>()V> (0x00000000ef20ea28) 
thrown [t:\workspace\open\src\hotspot\share\prims\jni.cpp, line 1107]
Event: 16.382 Thread 0x0000026dc7248580 Exception <a 'java/lang/NoSuchMethodError'{0x00000000ef20fc98}: static Lorg/gradle/internal/build/event/types/AbstractTaskResult;.<clinit>()V> (0x00000000ef20fc98) 
thrown [t:\workspace\open\src\hotspot\share\prims\jni.cpp, line 1107]
Event: 16.382 Thread 0x0000026dc7248580 Exception <a 'java/lang/NoSuchMethodError'{0x00000000ef2111c0}: static Lorg/gradle/internal/build/event/types/AbstractResult;.<clinit>()V> (0x00000000ef2111c0) 
thrown [t:\workspace\open\src\hotspot\share\prims\jni.cpp, line 1107]
Event: 16.511 Thread 0x0000026dc69f8e90 Exception <a 'java/lang/NoSuchMethodError'{0x00000000ef00c420}: 'void java.lang.invoke.DirectMethodHandle$Holder.invokeInterface(java.lang.Object, java.lang.Object, java.lang.Object, java.lang.Object)'> (0x00000000ef00c420) 
thrown [t:\workspace\open\src\hotspot\share\interpreter\linkResolver.cpp, line 766]
Event: 16.569 Thread 0x0000026dc69f8e90 Exception <a 'java/lang/NoSuchMethodError'{0x00000000eef149d0}: 'void java.lang.invoke.DirectMethodHandle$Holder.invokeVirtual(java.lang.Object, java.lang.Object)'> (0x00000000eef149d0) 
thrown [t:\workspace\open\src\hotspot\share\interpreter\linkResolver.cpp, line 766]
Event: 16.604 Thread 0x0000026dc69f8e90 Exception <a 'java/lang/NoSuchMethodError'{0x00000000eefff778}: 'java.lang.Object java.lang.invoke.DirectMethodHandle$Holder.newInvokeSpecial(java.lang.Object, java.lang.Object, int, java.lang.Object, java.lang.Object, java.lang.Object, java.lang.Object)'> (0x00000000eefff778) 
thrown [t:\workspace\open\src\hotspot\share\interpreter\linkResolver.cpp, line 766]
Event: 16.700 Thread 0x0000026dc5c802b0 Exception <a 'java/lang/NoSuchMethodError'{0x00000000eeedeba8}: 'void java.lang.invoke.DirectMethodHandle$Holder.invokeStatic(java.lang.Object, long)'> (0x00000000eeedeba8) 
thrown [t:\workspace\open\src\hotspot\share\interpreter\linkResolver.cpp, line 766]
Event: 16.700 Thread 0x0000026dc5c802b0 Exception <a 'java/lang/NoSuchMethodError'{0x00000000eeee41b8}: 'java.lang.Object java.lang.invoke.DirectMethodHandle$Holder.newInvokeSpecial(java.lang.Object, long)'> (0x00000000eeee41b8) 
thrown [t:\workspace\open\src\hotspot\share\interpreter\linkResolver.cpp, line 766]
Event: 16.702 Thread 0x0000026dc5c802b0 Exception <a 'java/lang/NoSuchMethodError'{0x00000000eeeeaca0}: 'java.lang.Object java.lang.invoke.DirectMethodHandle$Holder.invokeStatic(java.lang.Object, java.lang.Object, long, java.lang.Object)'> (0x00000000eeeeaca0) 
thrown [t:\workspace\open\src\hotspot\share\interpreter\linkResolver.cpp, line 766]
Event: 16.703 Thread 0x0000026dc5c802b0 Exception <a 'java/lang/NoSuchMethodError'{0x00000000eeeee6f0}: 'java.lang.Object java.lang.invoke.DirectMethodHandle$Holder.invokeStaticInit(java.lang.Object, java.lang.Object, long, java.lang.Object)'> (0x00000000eeeee6f0) 
thrown [t:\workspace\open\src\hotspot\share\interpreter\linkResolver.cpp, line 766]
Event: 16.703 Thread 0x0000026dc5c802b0 Exception <a 'java/lang/NoSuchMethodError'{0x00000000eeef4b48}: 'java.lang.Object java.lang.invoke.DirectMethodHandle$Holder.newInvokeSpecial(java.lang.Object, java.lang.Object, long)'> (0x00000000eeef4b48) 
thrown [t:\workspace\open\src\hotspot\share\interpreter\linkResolver.cpp, line 766]
Event: 16.704 Thread 0x0000026dc5c802b0 Exception <a 'java/lang/NoSuchMethodError'{0x00000000eeef8670}: 'java.lang.Object java.lang.invoke.Invokers$Holder.linkToTargetMethod(java.lang.Object, long, java.lang.Object)'> (0x00000000eeef8670) 
thrown [t:\workspace\open\src\hotspot\share\interpreter\linkResolver.cpp, line 766]

VM Operations (20 events):
Event: 16.419 Executing VM operation: ICBufferFull
Event: 16.419 Executing VM operation: ICBufferFull done
Event: 16.438 Executing VM operation: ICBufferFull
Event: 16.438 Executing VM operation: ICBufferFull done
Event: 16.451 Executing VM operation: ICBufferFull
Event: 16.451 Executing VM operation: ICBufferFull done
Event: 16.465 Executing VM operation: ICBufferFull
Event: 16.465 Executing VM operation: ICBufferFull done
Event: 16.488 Executing VM operation: ICBufferFull
Event: 16.488 Executing VM operation: ICBufferFull done
Event: 16.527 Executing VM operation: ICBufferFull
Event: 16.527 Executing VM operation: ICBufferFull done
Event: 16.609 Executing VM operation: ICBufferFull
Event: 16.610 Executing VM operation: ICBufferFull done
Event: 16.710 Executing VM operation: ICBufferFull
Event: 16.710 Executing VM operation: ICBufferFull done
Event: 17.717 Executing VM operation: Cleanup
Event: 17.717 Executing VM operation: Cleanup done
Event: 18.728 Executing VM operation: Cleanup
Event: 18.728 Executing VM operation: Cleanup done

Events (20 events):
Event: 16.639 Thread 0x0000026dc5c802b0 Thread added: 0x0000026dc5c802b0
Event: 16.640 loading class java/lang/ProcessBuilder
Event: 16.640 loading class java/lang/ProcessBuilder done
Event: 16.641 loading class java/lang/ProcessImpl
Event: 16.641 loading class java/lang/ProcessImpl done
Event: 16.701 loading class java/lang/ProcessHandleImpl
Event: 16.701 loading class java/lang/ProcessHandleImpl done
Event: 16.704 loading class java/lang/ProcessImpl$2
Event: 16.704 loading class java/lang/ProcessImpl$2 done
Event: 16.704 loading class java/lang/Process$PipeInputStream
Event: 16.705 loading class java/lang/Process$PipeInputStream done
Event: 16.705 loading class jdk/internal/event/ProcessStartEvent
Event: 16.705 loading class jdk/internal/event/Event
Event: 16.705 loading class jdk/internal/event/Event done
Event: 16.705 loading class jdk/internal/event/ProcessStartEvent done
Event: 16.709 Thread 0x0000026dc5c84610 Thread added: 0x0000026dc5c84610
Event: 16.713 Thread 0x0000026dc5c81120 Thread added: 0x0000026dc5c81120
Event: 16.715 Thread 0x0000026dc5c815f0 Thread added: 0x0000026dc5c815f0
Event: 16.717 Thread 0x0000026dc5c84ae0 Thread added: 0x0000026dc5c84ae0
Event: 17.481 Thread 0x0000026dc777c030 Thread exited: 0x0000026dc777c030


Dynamic libraries:
0x00007ff6c7bf0000 - 0x00007ff6c7bfe000 	C:\Users\Horia\.jdks\openjdk-17\bin\java.exe
0x00007ffa20560000 - 0x00007ffa20767000 	C:\WINDOWS\SYSTEM32\ntdll.dll
0x00007ff9e3850000 - 0x00007ff9e3866000 	C:\Program Files\Avast Software\Avast\aswhook.dll
0x00007ffa1ee40000 - 0x00007ffa1eefd000 	C:\WINDOWS\System32\KERNEL32.DLL
0x00007ffa1dcf0000 - 0x00007ffa1e064000 	C:\WINDOWS\System32\KERNELBASE.dll
0x00007ffa1e0a0000 - 0x00007ffa1e1b1000 	C:\WINDOWS\System32\ucrtbase.dll
0x00007ffa05730000 - 0x00007ffa05748000 	C:\Users\Horia\.jdks\openjdk-17\bin\jli.dll
0x00007ffa1f270000 - 0x00007ffa1f41c000 	C:\WINDOWS\System32\USER32.dll
0x00007ffa1e070000 - 0x00007ffa1e096000 	C:\WINDOWS\System32\win32u.dll
0x00007ffa1f240000 - 0x00007ffa1f269000 	C:\WINDOWS\System32\GDI32.dll
0x00007ffa1e1c0000 - 0x00007ffa1e2d2000 	C:\WINDOWS\System32\gdi32full.dll
0x00007ffa1e2e0000 - 0x00007ffa1e37d000 	C:\WINDOWS\System32\msvcp_win.dll
0x00007ffa059e0000 - 0x00007ffa059fa000 	C:\Users\Horia\.jdks\openjdk-17\bin\VCRUNTIME140.dll
0x00007ffa0d670000 - 0x00007ffa0d915000 	C:\WINDOWS\WinSxS\amd64_microsoft.windows.common-controls_6595b64144ccf1df_6.0.22000.120_none_9d947278b86cc467\COMCTL32.dll
0x00007ffa1f050000 - 0x00007ffa1f0f3000 	C:\WINDOWS\System32\msvcrt.dll
0x00007ffa1e590000 - 0x00007ffa1e5c1000 	C:\WINDOWS\System32\IMM32.DLL
0x00007ffa06020000 - 0x00007ffa0602c000 	C:\Users\Horia\.jdks\openjdk-17\bin\vcruntime140_1.dll
0x00007ff9a78b0000 - 0x00007ff9a793d000 	C:\Users\Horia\.jdks\openjdk-17\bin\msvcp140.dll
0x00007ff99f5c0000 - 0x00007ff9a017e000 	C:\Users\Horia\.jdks\openjdk-17\bin\server\jvm.dll
0x00007ffa1ef80000 - 0x00007ffa1f02e000 	C:\WINDOWS\System32\ADVAPI32.dll
0x00007ffa1eda0000 - 0x00007ffa1ee3e000 	C:\WINDOWS\System32\sechost.dll
0x00007ffa1f120000 - 0x00007ffa1f240000 	C:\WINDOWS\System32\RPCRT4.dll
0x00007ffa1f420000 - 0x00007ffa1f428000 	C:\WINDOWS\System32\PSAPI.DLL
0x00007ffa06700000 - 0x00007ffa06709000 	C:\WINDOWS\SYSTEM32\WSOCK32.dll
0x00007ffa20400000 - 0x00007ffa2046f000 	C:\WINDOWS\System32\WS2_32.dll
0x00007ffa17a80000 - 0x00007ffa17ab3000 	C:\WINDOWS\SYSTEM32\WINMM.dll
0x00007ffa14710000 - 0x00007ffa1471a000 	C:\WINDOWS\SYSTEM32\VERSION.dll
0x00007ffa1cc40000 - 0x00007ffa1cc58000 	C:\WINDOWS\SYSTEM32\kernel.appcore.dll
0x00007ffa059d0000 - 0x00007ffa059da000 	C:\Users\Horia\.jdks\openjdk-17\bin\jimage.dll
0x00007ffa13810000 - 0x00007ffa13a31000 	C:\WINDOWS\SYSTEM32\DBGHELP.DLL
0x00007ffa137a0000 - 0x00007ffa137d1000 	C:\WINDOWS\SYSTEM32\dbgcore.DLL
0x00007ffa1e380000 - 0x00007ffa1e3ff000 	C:\WINDOWS\System32\bcryptPrimitives.dll
0x00007ffa05690000 - 0x00007ffa056b5000 	C:\Users\Horia\.jdks\openjdk-17\bin\java.dll
0x00007ff9a03b0000 - 0x00007ff9a0486000 	C:\Users\Horia\.jdks\openjdk-17\bin\svml.dll
0x00007ffa1f930000 - 0x00007ffa200de000 	C:\WINDOWS\System32\SHELL32.dll
0x00007ffa1bbd0000 - 0x00007ffa1c437000 	C:\WINDOWS\SYSTEM32\windows.storage.dll
0x00007ffa1ea20000 - 0x00007ffa1ed98000 	C:\WINDOWS\System32\combase.dll
0x00007ffa1ba60000 - 0x00007ffa1bbc6000 	C:\WINDOWS\SYSTEM32\wintypes.dll
0x00007ffa1e7e0000 - 0x00007ffa1e8ca000 	C:\WINDOWS\System32\SHCORE.dll
0x00007ffa1e9c0000 - 0x00007ffa1ea1d000 	C:\WINDOWS\System32\shlwapi.dll
0x00007ffa1d980000 - 0x00007ffa1d9a1000 	C:\WINDOWS\SYSTEM32\profapi.dll
0x00007ff9deb80000 - 0x00007ff9deb99000 	C:\Users\Horia\.jdks\openjdk-17\bin\net.dll
0x00007ffa171b0000 - 0x00007ffa172bc000 	C:\WINDOWS\SYSTEM32\WINHTTP.dll
0x00007ffa1d070000 - 0x00007ffa1d0d7000 	C:\WINDOWS\system32\mswsock.dll
0x00007ff9cdf30000 - 0x00007ff9cdf45000 	C:\Users\Horia\.jdks\openjdk-17\bin\nio.dll
0x00007ff9cb110000 - 0x00007ff9cb128000 	C:\Users\Horia\.jdks\openjdk-17\bin\zip.dll
0x00007ffa06040000 - 0x00007ffa06050000 	C:\Users\Horia\.jdks\openjdk-17\bin\verify.dll
0x00007ffa060d0000 - 0x00007ffa060f7000 	C:\Users\Horia\.gradle\native\e1d6ef7f7dcc3fd88c89a11ec53ec762bb8ba0a96d01ffa2cd45eb1d1d8dd5c5\windows-amd64\native-platform.dll
0x00007ff9d4b40000 - 0x00007ff9d4c84000 	C:\Users\Horia\.gradle\native\5664cfc778a61ccfe75a443a1ab52a65af34e5dc3c78e0209fed803814484fcb\windows-amd64\native-platform-file-events.dll
0x00007ffa06030000 - 0x00007ffa06039000 	C:\Users\Horia\.jdks\openjdk-17\bin\management.dll
0x00007ff9e11c0000 - 0x00007ff9e11cb000 	C:\Users\Horia\.jdks\openjdk-17\bin\management_ext.dll
0x00007ffa1d2c0000 - 0x00007ffa1d2d8000 	C:\WINDOWS\SYSTEM32\CRYPTSP.dll
0x00007ffa1cba0000 - 0x00007ffa1cbd5000 	C:\WINDOWS\system32\rsaenh.dll
0x00007ffa1d160000 - 0x00007ffa1d189000 	C:\WINDOWS\SYSTEM32\USERENV.dll
0x00007ffa1d430000 - 0x00007ffa1d457000 	C:\WINDOWS\SYSTEM32\bcrypt.dll
0x00007ffa1d2b0000 - 0x00007ffa1d2bc000 	C:\WINDOWS\SYSTEM32\CRYPTBASE.dll
0x00007ffa1c770000 - 0x00007ffa1c79d000 	C:\WINDOWS\SYSTEM32\IPHLPAPI.DLL
0x00007ffa1ef70000 - 0x00007ffa1ef79000 	C:\WINDOWS\System32\NSI.dll
0x00007ffa16af0000 - 0x00007ffa16b09000 	C:\WINDOWS\SYSTEM32\dhcpcsvc6.DLL
0x00007ffa17a60000 - 0x00007ffa17a7e000 	C:\WINDOWS\SYSTEM32\dhcpcsvc.DLL
0x00007ffa1c7a0000 - 0x00007ffa1c887000 	C:\WINDOWS\SYSTEM32\DNSAPI.dll
0x00007ff9e0fe0000 - 0x00007ff9e0fee000 	C:\Users\Horia\.jdks\openjdk-17\bin\sunmscapi.dll
0x00007ffa1da50000 - 0x00007ffa1dbb2000 	C:\WINDOWS\System32\CRYPT32.dll
0x00007ffa1d400000 - 0x00007ffa1d428000 	C:\WINDOWS\SYSTEM32\ncrypt.dll
0x00007ffa1d3c0000 - 0x00007ffa1d3f7000 	C:\WINDOWS\SYSTEM32\NTASN1.dll
0x00007ff9e09a0000 - 0x00007ff9e09a8000 	C:\WINDOWS\system32\wshunix.dll

dbghelp: loaded successfully - version: 4.0.5 - missing functions: none
symbol engine: initialized successfully - sym options: 0x614 - pdb path: .;C:\Users\Horia\.jdks\openjdk-17\bin;C:\WINDOWS\SYSTEM32;C:\Program Files\Avast Software\Avast;C:\WINDOWS\WinSxS\amd64_microsoft.windows.common-controls_6595b64144ccf1df_6.0.22000.120_none_9d947278b86cc467;C:\Users\Horia\.jdks\openjdk-17\bin\server;C:\Users\Horia\.gradle\native\e1d6ef7f7dcc3fd88c89a11ec53ec762bb8ba0a96d01ffa2cd45eb1d1d8dd5c5\windows-amd64;C:\Users\Horia\.gradle\native\5664cfc778a61ccfe75a443a1ab52a65af34e5dc3c78e0209fed803814484fcb\windows-amd64

VM Arguments:
jvm_args: --add-opens=java.base/java.util=ALL-UNNAMED --add-opens=java.base/java.lang=ALL-UNNAMED --add-opens=java.base/java.lang.invoke=ALL-UNNAMED --add-opens=java.base/java.util=ALL-UNNAMED --add-opens=java.prefs/java.util.prefs=ALL-UNNAMED --add-opens=java.prefs/java.util.prefs=ALL-UNNAMED --add-opens=java.base/java.nio.charset=ALL-UNNAMED --add-opens=java.base/java.net=ALL-UNNAMED --add-opens=java.base/java.util.concurrent.atomic=ALL-UNNAMED -XX:MaxMetaspaceSize=256m -XX:+HeapDumpOnOutOfMemoryError -Xms256m -Xmx512m -Dfile.encoding=windows-1252 -Duser.country=US -Duser.language=en -Duser.variant 
java_command: org.gradle.launcher.daemon.bootstrap.GradleDaemon 7.3
java_class_path (initial): C:\gradle_7-3\gradle-7.3\lib\gradle-launcher-7.3.jar
Launcher Type: SUN_STANDARD

[Global flags]
     intx CICompilerCount                          = 3                                         {product} {ergonomic}
   size_t CompressedClassSpaceSize                 = 218103808                                 {product} {ergonomic}
     uint ConcGCThreads                            = 1                                         {product} {ergonomic}
     uint G1ConcRefinementThreads                  = 4                                         {product} {ergonomic}
   size_t G1HeapRegionSize                         = 1048576                                   {product} {ergonomic}
    uintx GCDrainStackTargetSize                   = 64                                        {product} {ergonomic}
     bool HeapDumpOnOutOfMemoryError               = true                                   {manageable} {command line}
   size_t InitialHeapSize                          = 268435456                                 {product} {command line}
   size_t MarkStackSize                            = 4194304                                   {product} {ergonomic}
   size_t MaxHeapSize                              = 536870912                                 {product} {command line}
   size_t MaxMetaspaceSize                         = 268435456                                 {product} {command line}
   size_t MaxNewSize                               = 321912832                                 {product} {ergonomic}
   size_t MinHeapDeltaBytes                        = 1048576                                   {product} {ergonomic}
   size_t MinHeapSize                              = 268435456                                 {product} {command line}
    uintx NonNMethodCodeHeapSize                   = 5832780                                {pd product} {ergonomic}
    uintx NonProfiledCodeHeapSize                  = 122912730                              {pd product} {ergonomic}
    uintx ProfiledCodeHeapSize                     = 122912730                              {pd product} {ergonomic}
    uintx ReservedCodeCacheSize                    = 251658240                              {pd product} {ergonomic}
     bool SegmentedCodeCache                       = true                                      {product} {ergonomic}
   size_t SoftMaxHeapSize                          = 536870912                              {manageable} {ergonomic}
     bool UseCompressedClassPointers               = true                           {product lp64_product} {ergonomic}
     bool UseCompressedOops                        = true                           {product lp64_product} {ergonomic}
     bool UseG1GC                                  = true                                      {product} {ergonomic}
     bool UseLargePagesIndividualAllocation        = false                                  {pd product} {ergonomic}

Logging:
Log output configuration:
 #0: stdout all=warning uptime,level,tags
 #1: stderr all=off uptime,level,tags

Environment Variables:
PATH=C:\Program Files\Common Files\Oracle\Java\javapath;C:\ProgramData\Oracle\Java\javapath;C:\WINDOWS\system32;C:\WINDOWS;C:\WINDOWS\System32\Wbem;C:\WINDOWS\System32\WindowsPowerShell\v1.0\;C:\WINDOWS\System32\OpenSSH\;C:\Program Files (x86)\NVIDIA Corporation\PhysX\Common;C:\Program Files (x86)\PuTTY\;C:\WINDOWS\system32;C:\WINDOWS;C:\WINDOWS\System32\Wbem;C:\WINDOWS\System32\WindowsPowerShell\v1.0\;C:\WINDOWS\System32\OpenSSH\;C:\Program Files\Microsoft SQL Server\Client SDK\ODBC\170\Tools\Binn\;C:\Program Files (x86)\Microsoft SQL Server\150\Tools\Binn\;C:\Program Files\Microsoft SQL Server\150\Tools\Binn\;C:\Program Files\Microsoft SQL Server\150\DTS\Binn\;C:\Program Files (x86)\Microsoft SQL Server\150\DTS\Binn\;C:\Program Files\Azure Data Studio\bin;C:\Program Files\Git\cmd;C:\Program Files\dotnet\;C:\Users\Horia\AppData\Local\Microsoft\WindowsApps;C:\Program Files\Azure Data Studio\bin;C:\Users\Horia\.dotnet\tools
USERNAME=Horia
OS=Windows_NT
PROCESSOR_IDENTIFIER=Intel64 Family 6 Model 142 Stepping 9, GenuineIntel



---------------  S Y S T E M  ---------------

OS:
 Windows 10 , 64 bit Build 22000 (10.0.22000.434)
OS uptime: 0 days 8:07 hours

CPU: total 4 (initial active 4) (2 cores per cpu, 2 threads per core) family 6 model 142 stepping 9 microcode 0xde, cx8, cmov, fxsr, ht, mmx, 3dnowpref, sse, sse2, sse3, ssse3, sse4.1, sse4.2, popcnt, lzcnt, tsc, tscinvbit, avx, avx2, aes, erms, clmul, bmi1, bmi2, adx, fma, vzeroupper, clflush, clflushopt

Memory: 4k page, system-wide physical 8100M (372M free)
TotalPageFile size 20016M (AvailPageFile size 1M)
current process WorkingSet (physical memory assigned to process): 351M, peak: 376M
current process commit charge ("private bytes"): 454M, peak: 479M

vm_info: OpenJDK 64-Bit Server VM (17+35-2724) for windows-amd64 JRE (17+35-2724), built on Aug  5 2021 23:26:02 by "mach5one" with MS VC++ 16.8 (VS2019)

END.
