#
# There is insufficient memory for the Java Runtime Environment to continue.
# Native memory allocation (malloc) failed to allocate 754176 bytes for Chunk::new
# Possible reasons:
#   The system is out of physical RAM or swap space
#   The process is running with CompressedOops enabled, and the Java Heap may be blocking the growth of the native heap
# Possible solutions:
#   Reduce memory load on the system
#   Increase physical memory or swap space
#   Check if swap backing store is full
#   Decrease Java heap size (-Xmx/-Xms)
#   Decrease number of Java threads
#   Decrease Java thread stack sizes (-Xss)
#   Set larger code cache with -XX:ReservedCodeCacheSize=
#   JVM is running with Unscaled Compressed Oops mode in which the Java heap is
#     placed in the first 4GB address space. The Java Heap base address is the
#     maximum limit for the native heap growth. Please use -XX:HeapBaseMinAddress
#     to set the Java Heap base and to place the Java Heap above 4GB virtual address.
# This output file may be truncated or incomplete.
#
#  Out of Memory Error (arena.cpp:189), pid=15108, tid=15420
#
# JRE version: OpenJDK Runtime Environment (17.0+35) (build 17+35-2724)
# Java VM: OpenJDK 64-Bit Server VM (17+35-2724, mixed mode, sharing, tiered, compressed oops, compressed class ptrs, g1 gc, windows-amd64)
# No core dump will be written. Minidumps are not enabled by default on client versions of Windows
#

---------------  S U M M A R Y ------------

Command Line: -agentlib:jdwp=transport=dt_socket,server=n,suspend=y,address=127.0.0.1:53486 -Dfile.encoding=windows-1252 -Duser.country=US -Duser.language=en -Duser.variant --module-path=C:\Users\Horia\IdeaProjects\ex1\build\libs\ex2-1.0-SNAPSHOT.jar;C:\Users\Horia\IdeaProjects\ex1\build\classes\java\main;C:\Users\Horia\socialnetwork\out\artifacts\socialnetwork_jar\socialnetwork.jar;C:\Users\Horia\.gradle\caches\modules-2\files-2.1\org.openjfx\javafx-fxml\17-ea+11\31d0923d6c5275f20d0cf6b2eaf2fceab0ba559\javafx-fxml-17-ea+11-win.jar;C:\Users\Horia\.gradle\caches\modules-2\files-2.1\org.openjfx\javafx-controls\17-ea+11\9f47509f1057ab97fd561c04d994468491535eac\javafx-controls-17-ea+11-win.jar;C:\Users\Horia\.gradle\caches\modules-2\files-2.1\org.openjfx\javafx-controls\17-ea+11\c56dfd54f950b49fcd9a411f2687580de8673b86\javafx-controls-17-ea+11.jar;C:\Users\Horia\.gradle\caches\modules-2\files-2.1\org.openjfx\javafx-graphics\17-ea+11\17fd20dae73d8747199790f2c05059a93b2f9c9c\javafx-graphics-17-ea+11-win.jar;C:\Users\Horia\.gradle\caches\modules-2\files-2.1\org.openjfx\javafx-graphics\17-ea+11\ea43f18e3002fa0fe22e3c40671102079cedb7cb\javafx-graphics-17-ea+11.jar;C:\Users\Horia\.gradle\caches\modules-2\files-2.1\org.openjfx\javafx-base\17-ea+11\fe011b8200745d2f2c5a9de789cbd7ae763bf482\javafx-base-17-ea+11-win.jar;C:\Users\Horia\.gradle\caches\modules-2\files-2.1\org.openjfx\javafx-base\17-ea+11\780ecd5fe969ee38a5448a6e6a917b77f5b78dba\javafx-base-17-ea+11.jar;C:\Users\Horia\.gradle\caches\modules-2\files-2.1\org.postgresql\postgresql\42.3.1\9ca7df660e875b91c78e3d1608d4d7469ad3470c\postgresql-42.3.1.jar;C:\Users\Horia\.gradle\caches\modules-2\files-2.1\org.controlsfx\controlsfx\11.1.0\4627258861ef68750b5fce11f8853d530cce6add\controlsfx-11.1.0.jar;C:\Users\Horia\.gradle\caches\modules-2\files-2.1\com.dlsc.formsfx\formsfx-core\11.4.2\64a96bb0ec2ad4ab7be1df09070f0af3901a7db6\formsfx-core-11.4.2.jar;C:\Users\Horia\.gradle\caches\modules-2\files-2.1\org.kordamp.bootstrapfx\bootstrapfx-core\0.4.0\8d019b30266c00770cf29921d1008ad7feed0ed6\bootstrapfx-core-0.4.0.jar;C:\Users\Horia\.gradle\caches\modules-2\files-2.1\org.apache.pdfbox\pdfbox\2.0.25\c18cd-Djdk.module.main=com.example.ex2 com.example.ex2/com.example.ex2.HelloApplication

Host: Intel(R) Core(TM) i5-7200U CPU @ 2.50GHz, 4 cores, 7G,  Windows 10 , 64 bit Build 22000 (10.0.22000.434)
Time: Thu Jan 13 18:18:30 2022 GTB Standard Time elapsed time: 6.847702 seconds (0d 0h 0m 6s)

---------------  T H R E A D  ---------------

Current thread (0x000002177fb3bbc0):  JavaThread "C2 CompilerThread0" daemon [_thread_in_native, id=15420, stack(0x000000c34b000000,0x000000c34b100000)]


Current CompileTask:
C2:   6851 2351       4       java.lang.invoke.MethodType::makeImpl (109 bytes)

Stack: [0x000000c34b000000,0x000000c34b100000]
Native frames: (J=compiled Java code, j=interpreted, Vv=VM code, C=native code)
V  [jvm.dll+0x66f8ea]
V  [jvm.dll+0x7ce224]
V  [jvm.dll+0x7cf9ce]
V  [jvm.dll+0x7d0033]
V  [jvm.dll+0x242bb5]
V  [jvm.dll+0xaa05b]
V  [jvm.dll+0xaa5ec]
V  [jvm.dll+0x2a954f]
V  [jvm.dll+0x5784b9]
V  [jvm.dll+0x21de2d]
V  [jvm.dll+0x217381]
V  [jvm.dll+0x214fb5]
V  [jvm.dll+0x1a168d]
V  [jvm.dll+0x2248f8]
V  [jvm.dll+0x222a5c]
V  [jvm.dll+0x78422b]
V  [jvm.dll+0x77e7ea]
V  [jvm.dll+0x66e715]
C  [ucrtbase.dll+0x26c0c]
C  [KERNEL32.DLL+0x154e0]
C  [ntdll.dll+0x485b]


---------------  P R O C E S S  ---------------

Threads class SMR info:
_java_thread_list=0x000002170c6592f0, length=22, elements={
0x00000217682aaac0, 0x000002177fb11ee0, 0x000002177fb12d50, 0x000002177fb2b8a0,
0x000002177fb2c250, 0x000002177fb2dc10, 0x000002177fb31ac0, 0x000002177fb3bbc0,
0x000002177fb3e610, 0x000002177fba9100, 0x000002177fb017f0, 0x0000021706bdd3b0,
0x0000021706bddc80, 0x0000021706c907d0, 0x0000021706c920b0, 0x00000217071cfd10,
0x0000021707289240, 0x0000021707298890, 0x00000217074aea90, 0x00000217074652d0,
0x000002170c1800c0, 0x000002170c1818d0
}

Java Threads: ( => current thread )
  0x00000217682aaac0 JavaThread "main" [_thread_blocked, id=2020, stack(0x000000c34a300000,0x000000c34a400000)]
  0x000002177fb11ee0 JavaThread "Reference Handler" daemon [_thread_blocked, id=15796, stack(0x000000c34aa00000,0x000000c34ab00000)]
  0x000002177fb12d50 JavaThread "Finalizer" daemon [_thread_blocked, id=9588, stack(0x000000c34ab00000,0x000000c34ac00000)]
  0x000002177fb2b8a0 JavaThread "Signal Dispatcher" daemon [_thread_blocked, id=8892, stack(0x000000c34ac00000,0x000000c34ad00000)]
  0x000002177fb2c250 JavaThread "Attach Listener" daemon [_thread_blocked, id=7316, stack(0x000000c34ad00000,0x000000c34ae00000)]
  0x000002177fb2dc10 JavaThread "Service Thread" daemon [_thread_blocked, id=14088, stack(0x000000c34ae00000,0x000000c34af00000)]
  0x000002177fb31ac0 JavaThread "Monitor Deflation Thread" daemon [_thread_blocked, id=15212, stack(0x000000c34af00000,0x000000c34b000000)]
=>0x000002177fb3bbc0 JavaThread "C2 CompilerThread0" daemon [_thread_in_native, id=15420, stack(0x000000c34b000000,0x000000c34b100000)]
  0x000002177fb3e610 JavaThread "C1 CompilerThread0" daemon [_thread_blocked, id=16792, stack(0x000000c34b100000,0x000000c34b200000)]
  0x000002177fba9100 JavaThread "Sweeper thread" daemon [_thread_blocked, id=2436, stack(0x000000c34b200000,0x000000c34b300000)]
  0x000002177fb017f0 JavaThread "Common-Cleaner" daemon [_thread_blocked, id=16156, stack(0x000000c34b300000,0x000000c34b400000)]
  0x0000021706bdd3b0 JavaThread "JDWP Transport Listener: dt_socket" daemon [_thread_blocked, id=18072, stack(0x000000c34b500000,0x000000c34b600000)]
  0x0000021706bddc80 JavaThread "JDWP Event Helper Thread" daemon [_thread_blocked, id=11048, stack(0x000000c34b600000,0x000000c34b700000)]
  0x0000021706c907d0 JavaThread "JDWP Command Reader" daemon [_thread_in_native, id=10148, stack(0x000000c34b700000,0x000000c34b800000)]
  0x0000021706c920b0 JavaThread "Notification Thread" daemon [_thread_blocked, id=17456, stack(0x000000c34b800000,0x000000c34b900000)]
  0x00000217071cfd10 JavaThread "QuantumRenderer-0" daemon [_thread_blocked, id=11724, stack(0x000000c34b400000,0x000000c34b500000)]
  0x0000021707289240 JavaThread "InvokeLaterDispatcher" daemon [_thread_blocked, id=5528, stack(0x000000c34bd00000,0x000000c34be00000)]
  0x0000021707298890 JavaThread "JavaFX Application Thread" [_thread_in_native, id=6368, stack(0x000000c34be00000,0x000000c34bf00000)]
  0x00000217074aea90 JavaThread "Thread-1" daemon [_thread_in_native, id=14380, stack(0x000000c34c200000,0x000000c34c300000)]
  0x00000217074652d0 JavaThread "JavaFX-Launcher" [_thread_blocked, id=11856, stack(0x000000c34c300000,0x000000c34c400000)]
  0x000002170c1800c0 JavaThread "Prism Font Disposer" daemon [_thread_blocked, id=1376, stack(0x000000c34c500000,0x000000c34c600000)]
  0x000002170c1818d0 JavaThread "Cleaner-0" daemon [_thread_blocked, id=10424, stack(0x000000c34cc00000,0x000000c34cd00000)]

Other Threads:
  0x000002177fb0f2d0 VMThread "VM Thread" [stack: 0x000000c34a900000,0x000000c34aa00000] [id=6052]
  0x000002170699baa0 WatcherThread [stack: 0x000000c34b900000,0x000000c34ba00000] [id=15368]
  0x00000217682e9e40 GCTaskThread "GC Thread#0" [stack: 0x000000c34a400000,0x000000c34a500000] [id=8600]
  0x0000021706d3bc50 GCTaskThread "GC Thread#1" [stack: 0x000000c34ba00000,0x000000c34bb00000] [id=8984]
  0x0000021706ee0350 GCTaskThread "GC Thread#2" [stack: 0x000000c34bb00000,0x000000c34bc00000] [id=10472]
  0x0000021706ee1280 GCTaskThread "GC Thread#3" [stack: 0x000000c34bc00000,0x000000c34bd00000] [id=6204]
  0x00000217682fab90 ConcurrentGCThread "G1 Main Marker" [stack: 0x000000c34a500000,0x000000c34a600000] [id=16700]
  0x00000217682fbd40 ConcurrentGCThread "G1 Conc#0" [stack: 0x000000c34a600000,0x000000c34a700000] [id=2524]
  0x0000021768373510 ConcurrentGCThread "G1 Refine#0" [stack: 0x000000c34a700000,0x000000c34a800000] [id=8364]
  0x000002170c1c8010 ConcurrentGCThread "G1 Refine#1" [stack: 0x000000c34c600000,0x000000c34c700000] [id=1668]
  0x000002170c3b7660 ConcurrentGCThread "G1 Refine#2" [stack: 0x000000c34ca00000,0x000000c34cb00000] [id=5536]
  0x0000021768373f30 ConcurrentGCThread "G1 Service" [stack: 0x000000c34a800000,0x000000c34a900000] [id=4048]

Threads with active compile tasks:
C2 CompilerThread0     7320 2351       4       java.lang.invoke.MethodType::makeImpl (109 bytes)

VM state: not at safepoint (normal execution)

VM Mutex/Monitor currently owned by a thread: None

Heap address: 0x0000000081600000, size: 2026 MB, Compressed Oops mode: 32-bit

CDS archive(s) mapped at: [0x0000000800000000-0x0000000800bc0000-0x0000000800bc0000), size 12320768, SharedBaseAddress: 0x0000000800000000, ArchiveRelocationMode: 0.
Compressed class space mapped at: 0x0000000800c00000-0x0000000840c00000, reserved size: 1073741824
Narrow klass base: 0x0000000800000000, Narrow klass shift: 0, Narrow klass range: 0x100000000

GC Precious Log:
 CPUs: 4 total, 4 available
 Memory: 8100M
 Large Page Support: Disabled
 NUMA Support: Disabled
 Compressed Oops: Enabled (32-bit)
 Heap Region Size: 1M
 Heap Min Capacity: 8M
 Heap Initial Capacity: 128M
 Heap Max Capacity: 2026M
 Pre-touch: Disabled
 Parallel Workers: 4
 Concurrent Workers: 1
 Concurrent Refinement Workers: 4
 Periodic GC: Disabled

Heap:
 garbage-first heap   total 131072K, used 24281K [0x0000000081600000, 0x0000000100000000)
  region size 1024K, 17 young (17408K), 4 survivors (4096K)
 Metaspace       used 17733K, committed 17920K, reserved 1064960K
  class space    used 2477K, committed 2560K, reserved 1048576K

Heap Regions: E=young(eden), S=young(survivor), O=old, HS=humongous(starts), HC=humongous(continues), CS=collection set, F=free, OA=open archive, CA=closed archive, TAMS=top-at-mark-start (previous, next)
|   0|0x0000000081600000, 0x0000000081700000, 0x0000000081700000|100%| O|  |TAMS 0x0000000081600000, 0x0000000081600000| Untracked 
|   1|0x0000000081700000, 0x0000000081800000, 0x0000000081800000|100%| O|  |TAMS 0x0000000081700000, 0x0000000081700000| Untracked 
|   2|0x0000000081800000, 0x0000000081900000, 0x0000000081900000|100%|HS|  |TAMS 0x0000000081800000, 0x0000000081800000| Complete 
|   3|0x0000000081900000, 0x0000000081a00000, 0x0000000081a00000|100%|HC|  |TAMS 0x0000000081900000, 0x0000000081900000| Complete 
|   4|0x0000000081a00000, 0x0000000081b00000, 0x0000000081b00000|100%| O|  |TAMS 0x0000000081a00000, 0x0000000081a00000| Untracked 
|   5|0x0000000081b00000, 0x0000000081bb6400, 0x0000000081c00000| 71%| O|  |TAMS 0x0000000081b00000, 0x0000000081b00000| Untracked 
|   6|0x0000000081c00000, 0x0000000081d00000, 0x0000000081d00000|100%|HS|  |TAMS 0x0000000081c00000, 0x0000000081c00000| Complete 
|   7|0x0000000081d00000, 0x0000000081e00000, 0x0000000081e00000|100%|HC|  |TAMS 0x0000000081d00000, 0x0000000081d00000| Complete 
|   8|0x0000000081e00000, 0x0000000081e00000, 0x0000000081f00000|  0%| F|  |TAMS 0x0000000081e00000, 0x0000000081e00000| Untracked 
|   9|0x0000000081f00000, 0x0000000081f00000, 0x0000000082000000|  0%| F|  |TAMS 0x0000000081f00000, 0x0000000081f00000| Untracked 
|  10|0x0000000082000000, 0x0000000082000000, 0x0000000082100000|  0%| F|  |TAMS 0x0000000082000000, 0x0000000082000000| Untracked 
|  11|0x0000000082100000, 0x0000000082100000, 0x0000000082200000|  0%| F|  |TAMS 0x0000000082100000, 0x0000000082100000| Untracked 
|  12|0x0000000082200000, 0x0000000082200000, 0x0000000082300000|  0%| F|  |TAMS 0x0000000082200000, 0x0000000082200000| Untracked 
|  13|0x0000000082300000, 0x0000000082300000, 0x0000000082400000|  0%| F|  |TAMS 0x0000000082300000, 0x0000000082300000| Untracked 
|  14|0x0000000082400000, 0x0000000082400000, 0x0000000082500000|  0%| F|  |TAMS 0x0000000082400000, 0x0000000082400000| Untracked 
|  15|0x0000000082500000, 0x0000000082500000, 0x0000000082600000|  0%| F|  |TAMS 0x0000000082500000, 0x0000000082500000| Untracked 
|  16|0x0000000082600000, 0x0000000082600000, 0x0000000082700000|  0%| F|  |TAMS 0x0000000082600000, 0x0000000082600000| Untracked 
|  17|0x0000000082700000, 0x0000000082700000, 0x0000000082800000|  0%| F|  |TAMS 0x0000000082700000, 0x0000000082700000| Untracked 
|  18|0x0000000082800000, 0x0000000082800000, 0x0000000082900000|  0%| F|  |TAMS 0x0000000082800000, 0x0000000082800000| Untracked 
|  19|0x0000000082900000, 0x0000000082900000, 0x0000000082a00000|  0%| F|  |TAMS 0x0000000082900000, 0x0000000082900000| Untracked 
|  20|0x0000000082a00000, 0x0000000082a00000, 0x0000000082b00000|  0%| F|  |TAMS 0x0000000082a00000, 0x0000000082a00000| Untracked 
|  21|0x0000000082b00000, 0x0000000082b00000, 0x0000000082c00000|  0%| F|  |TAMS 0x0000000082b00000, 0x0000000082b00000| Untracked 
|  22|0x0000000082c00000, 0x0000000082c00000, 0x0000000082d00000|  0%| F|  |TAMS 0x0000000082c00000, 0x0000000082c00000| Untracked 
|  23|0x0000000082d00000, 0x0000000082d00000, 0x0000000082e00000|  0%| F|  |TAMS 0x0000000082d00000, 0x0000000082d00000| Untracked 
|  24|0x0000000082e00000, 0x0000000082e00000, 0x0000000082f00000|  0%| F|  |TAMS 0x0000000082e00000, 0x0000000082e00000| Untracked 
|  25|0x0000000082f00000, 0x0000000082f00000, 0x0000000083000000|  0%| F|  |TAMS 0x0000000082f00000, 0x0000000082f00000| Untracked 
|  26|0x0000000083000000, 0x0000000083000000, 0x0000000083100000|  0%| F|  |TAMS 0x0000000083000000, 0x0000000083000000| Untracked 
|  27|0x0000000083100000, 0x0000000083100000, 0x0000000083200000|  0%| F|  |TAMS 0x0000000083100000, 0x0000000083100000| Untracked 
|  28|0x0000000083200000, 0x0000000083200000, 0x0000000083300000|  0%| F|  |TAMS 0x0000000083200000, 0x0000000083200000| Untracked 
|  29|0x0000000083300000, 0x0000000083300000, 0x0000000083400000|  0%| F|  |TAMS 0x0000000083300000, 0x0000000083300000| Untracked 
|  30|0x0000000083400000, 0x0000000083400000, 0x0000000083500000|  0%| F|  |TAMS 0x0000000083400000, 0x0000000083400000| Untracked 
|  31|0x0000000083500000, 0x0000000083500000, 0x0000000083600000|  0%| F|  |TAMS 0x0000000083500000, 0x0000000083500000| Untracked 
|  32|0x0000000083600000, 0x0000000083600000, 0x0000000083700000|  0%| F|  |TAMS 0x0000000083600000, 0x0000000083600000| Untracked 
|  33|0x0000000083700000, 0x0000000083700000, 0x0000000083800000|  0%| F|  |TAMS 0x0000000083700000, 0x0000000083700000| Untracked 
|  34|0x0000000083800000, 0x0000000083800000, 0x0000000083900000|  0%| F|  |TAMS 0x0000000083800000, 0x0000000083800000| Untracked 
|  35|0x0000000083900000, 0x0000000083900000, 0x0000000083a00000|  0%| F|  |TAMS 0x0000000083900000, 0x0000000083900000| Untracked 
|  36|0x0000000083a00000, 0x0000000083a00000, 0x0000000083b00000|  0%| F|  |TAMS 0x0000000083a00000, 0x0000000083a00000| Untracked 
|  37|0x0000000083b00000, 0x0000000083b00000, 0x0000000083c00000|  0%| F|  |TAMS 0x0000000083b00000, 0x0000000083b00000| Untracked 
|  38|0x0000000083c00000, 0x0000000083c00000, 0x0000000083d00000|  0%| F|  |TAMS 0x0000000083c00000, 0x0000000083c00000| Untracked 
|  39|0x0000000083d00000, 0x0000000083d00000, 0x0000000083e00000|  0%| F|  |TAMS 0x0000000083d00000, 0x0000000083d00000| Untracked 
|  40|0x0000000083e00000, 0x0000000083e00000, 0x0000000083f00000|  0%| F|  |TAMS 0x0000000083e00000, 0x0000000083e00000| Untracked 
|  41|0x0000000083f00000, 0x0000000083f00000, 0x0000000084000000|  0%| F|  |TAMS 0x0000000083f00000, 0x0000000083f00000| Untracked 
|  42|0x0000000084000000, 0x0000000084000000, 0x0000000084100000|  0%| F|  |TAMS 0x0000000084000000, 0x0000000084000000| Untracked 
|  43|0x0000000084100000, 0x0000000084100000, 0x0000000084200000|  0%| F|  |TAMS 0x0000000084100000, 0x0000000084100000| Untracked 
|  44|0x0000000084200000, 0x0000000084200000, 0x0000000084300000|  0%| F|  |TAMS 0x0000000084200000, 0x0000000084200000| Untracked 
|  45|0x0000000084300000, 0x0000000084300000, 0x0000000084400000|  0%| F|  |TAMS 0x0000000084300000, 0x0000000084300000| Untracked 
|  46|0x0000000084400000, 0x0000000084400000, 0x0000000084500000|  0%| F|  |TAMS 0x0000000084400000, 0x0000000084400000| Untracked 
|  47|0x0000000084500000, 0x0000000084500000, 0x0000000084600000|  0%| F|  |TAMS 0x0000000084500000, 0x0000000084500000| Untracked 
|  48|0x0000000084600000, 0x0000000084600000, 0x0000000084700000|  0%| F|  |TAMS 0x0000000084600000, 0x0000000084600000| Untracked 
|  49|0x0000000084700000, 0x0000000084700000, 0x0000000084800000|  0%| F|  |TAMS 0x0000000084700000, 0x0000000084700000| Untracked 
|  50|0x0000000084800000, 0x0000000084800000, 0x0000000084900000|  0%| F|  |TAMS 0x0000000084800000, 0x0000000084800000| Untracked 
|  51|0x0000000084900000, 0x0000000084900000, 0x0000000084a00000|  0%| F|  |TAMS 0x0000000084900000, 0x0000000084900000| Untracked 
|  52|0x0000000084a00000, 0x0000000084a00000, 0x0000000084b00000|  0%| F|  |TAMS 0x0000000084a00000, 0x0000000084a00000| Untracked 
|  53|0x0000000084b00000, 0x0000000084b00000, 0x0000000084c00000|  0%| F|  |TAMS 0x0000000084b00000, 0x0000000084b00000| Untracked 
|  54|0x0000000084c00000, 0x0000000084c00000, 0x0000000084d00000|  0%| F|  |TAMS 0x0000000084c00000, 0x0000000084c00000| Untracked 
|  55|0x0000000084d00000, 0x0000000084d00000, 0x0000000084e00000|  0%| F|  |TAMS 0x0000000084d00000, 0x0000000084d00000| Untracked 
|  56|0x0000000084e00000, 0x0000000084e00000, 0x0000000084f00000|  0%| F|  |TAMS 0x0000000084e00000, 0x0000000084e00000| Untracked 
|  57|0x0000000084f00000, 0x0000000084f00000, 0x0000000085000000|  0%| F|  |TAMS 0x0000000084f00000, 0x0000000084f00000| Untracked 
|  58|0x0000000085000000, 0x0000000085000000, 0x0000000085100000|  0%| F|  |TAMS 0x0000000085000000, 0x0000000085000000| Untracked 
|  59|0x0000000085100000, 0x0000000085100000, 0x0000000085200000|  0%| F|  |TAMS 0x0000000085100000, 0x0000000085100000| Untracked 
|  60|0x0000000085200000, 0x0000000085200000, 0x0000000085300000|  0%| F|  |TAMS 0x0000000085200000, 0x0000000085200000| Untracked 
|  61|0x0000000085300000, 0x0000000085300000, 0x0000000085400000|  0%| F|  |TAMS 0x0000000085300000, 0x0000000085300000| Untracked 
|  62|0x0000000085400000, 0x0000000085400000, 0x0000000085500000|  0%| F|  |TAMS 0x0000000085400000, 0x0000000085400000| Untracked 
|  63|0x0000000085500000, 0x0000000085500000, 0x0000000085600000|  0%| F|  |TAMS 0x0000000085500000, 0x0000000085500000| Untracked 
|  64|0x0000000085600000, 0x0000000085600000, 0x0000000085700000|  0%| F|  |TAMS 0x0000000085600000, 0x0000000085600000| Untracked 
|  65|0x0000000085700000, 0x0000000085700000, 0x0000000085800000|  0%| F|  |TAMS 0x0000000085700000, 0x0000000085700000| Untracked 
|  66|0x0000000085800000, 0x0000000085800000, 0x0000000085900000|  0%| F|  |TAMS 0x0000000085800000, 0x0000000085800000| Untracked 
|  67|0x0000000085900000, 0x0000000085900000, 0x0000000085a00000|  0%| F|  |TAMS 0x0000000085900000, 0x0000000085900000| Untracked 
|  68|0x0000000085a00000, 0x0000000085a00000, 0x0000000085b00000|  0%| F|  |TAMS 0x0000000085a00000, 0x0000000085a00000| Untracked 
|  69|0x0000000085b00000, 0x0000000085b00000, 0x0000000085c00000|  0%| F|  |TAMS 0x0000000085b00000, 0x0000000085b00000| Untracked 
|  70|0x0000000085c00000, 0x0000000085c00000, 0x0000000085d00000|  0%| F|  |TAMS 0x0000000085c00000, 0x0000000085c00000| Untracked 
|  71|0x0000000085d00000, 0x0000000085d00000, 0x0000000085e00000|  0%| F|  |TAMS 0x0000000085d00000, 0x0000000085d00000| Untracked 
|  72|0x0000000085e00000, 0x0000000085e00000, 0x0000000085f00000|  0%| F|  |TAMS 0x0000000085e00000, 0x0000000085e00000| Untracked 
|  73|0x0000000085f00000, 0x0000000085f00000, 0x0000000086000000|  0%| F|  |TAMS 0x0000000085f00000, 0x0000000085f00000| Untracked 
|  74|0x0000000086000000, 0x0000000086000000, 0x0000000086100000|  0%| F|  |TAMS 0x0000000086000000, 0x0000000086000000| Untracked 
|  75|0x0000000086100000, 0x0000000086100000, 0x0000000086200000|  0%| F|  |TAMS 0x0000000086100000, 0x0000000086100000| Untracked 
|  76|0x0000000086200000, 0x0000000086200000, 0x0000000086300000|  0%| F|  |TAMS 0x0000000086200000, 0x0000000086200000| Untracked 
|  77|0x0000000086300000, 0x0000000086300000, 0x0000000086400000|  0%| F|  |TAMS 0x0000000086300000, 0x0000000086300000| Untracked 
|  78|0x0000000086400000, 0x0000000086400000, 0x0000000086500000|  0%| F|  |TAMS 0x0000000086400000, 0x0000000086400000| Untracked 
|  79|0x0000000086500000, 0x0000000086500000, 0x0000000086600000|  0%| F|  |TAMS 0x0000000086500000, 0x0000000086500000| Untracked 
|  80|0x0000000086600000, 0x0000000086600000, 0x0000000086700000|  0%| F|  |TAMS 0x0000000086600000, 0x0000000086600000| Untracked 
|  81|0x0000000086700000, 0x0000000086700000, 0x0000000086800000|  0%| F|  |TAMS 0x0000000086700000, 0x0000000086700000| Untracked 
|  82|0x0000000086800000, 0x0000000086800000, 0x0000000086900000|  0%| F|  |TAMS 0x0000000086800000, 0x0000000086800000| Untracked 
|  83|0x0000000086900000, 0x0000000086900000, 0x0000000086a00000|  0%| F|  |TAMS 0x0000000086900000, 0x0000000086900000| Untracked 
|  84|0x0000000086a00000, 0x0000000086a00000, 0x0000000086b00000|  0%| F|  |TAMS 0x0000000086a00000, 0x0000000086a00000| Untracked 
|  85|0x0000000086b00000, 0x0000000086b00000, 0x0000000086c00000|  0%| F|  |TAMS 0x0000000086b00000, 0x0000000086b00000| Untracked 
|  86|0x0000000086c00000, 0x0000000086c00000, 0x0000000086d00000|  0%| F|  |TAMS 0x0000000086c00000, 0x0000000086c00000| Untracked 
|  87|0x0000000086d00000, 0x0000000086d00000, 0x0000000086e00000|  0%| F|  |TAMS 0x0000000086d00000, 0x0000000086d00000| Untracked 
|  88|0x0000000086e00000, 0x0000000086e00000, 0x0000000086f00000|  0%| F|  |TAMS 0x0000000086e00000, 0x0000000086e00000| Untracked 
|  89|0x0000000086f00000, 0x0000000086f00000, 0x0000000087000000|  0%| F|  |TAMS 0x0000000086f00000, 0x0000000086f00000| Untracked 
|  90|0x0000000087000000, 0x0000000087000000, 0x0000000087100000|  0%| F|  |TAMS 0x0000000087000000, 0x0000000087000000| Untracked 
|  91|0x0000000087100000, 0x0000000087100000, 0x0000000087200000|  0%| F|  |TAMS 0x0000000087100000, 0x0000000087100000| Untracked 
|  92|0x0000000087200000, 0x0000000087300000, 0x0000000087300000|100%| S|CS|TAMS 0x0000000087200000, 0x0000000087200000| Complete 
|  93|0x0000000087300000, 0x0000000087400000, 0x0000000087400000|100%| S|CS|TAMS 0x0000000087300000, 0x0000000087300000| Complete 
|  94|0x0000000087400000, 0x0000000087500000, 0x0000000087500000|100%| S|CS|TAMS 0x0000000087400000, 0x0000000087400000| Complete 
|  95|0x0000000087500000, 0x0000000087600000, 0x0000000087600000|100%| S|CS|TAMS 0x0000000087500000, 0x0000000087500000| Complete 
|  96|0x0000000087600000, 0x0000000087600000, 0x0000000087700000|  0%| F|  |TAMS 0x0000000087600000, 0x0000000087600000| Untracked 
|  97|0x0000000087700000, 0x0000000087700000, 0x0000000087800000|  0%| F|  |TAMS 0x0000000087700000, 0x0000000087700000| Untracked 
|  98|0x0000000087800000, 0x0000000087800000, 0x0000000087900000|  0%| F|  |TAMS 0x0000000087800000, 0x0000000087800000| Untracked 
|  99|0x0000000087900000, 0x0000000087900000, 0x0000000087a00000|  0%| F|  |TAMS 0x0000000087900000, 0x0000000087900000| Untracked 
| 100|0x0000000087a00000, 0x0000000087a00000, 0x0000000087b00000|  0%| F|  |TAMS 0x0000000087a00000, 0x0000000087a00000| Untracked 
| 101|0x0000000087b00000, 0x0000000087b00000, 0x0000000087c00000|  0%| F|  |TAMS 0x0000000087b00000, 0x0000000087b00000| Untracked 
| 102|0x0000000087c00000, 0x0000000087c00000, 0x0000000087d00000|  0%| F|  |TAMS 0x0000000087c00000, 0x0000000087c00000| Untracked 
| 103|0x0000000087d00000, 0x0000000087d00000, 0x0000000087e00000|  0%| F|  |TAMS 0x0000000087d00000, 0x0000000087d00000| Untracked 
| 104|0x0000000087e00000, 0x0000000087e00000, 0x0000000087f00000|  0%| F|  |TAMS 0x0000000087e00000, 0x0000000087e00000| Untracked 
| 105|0x0000000087f00000, 0x0000000087f00000, 0x0000000088000000|  0%| F|  |TAMS 0x0000000087f00000, 0x0000000087f00000| Untracked 
| 106|0x0000000088000000, 0x0000000088000000, 0x0000000088100000|  0%| F|  |TAMS 0x0000000088000000, 0x0000000088000000| Untracked 
| 107|0x0000000088100000, 0x0000000088100000, 0x0000000088200000|  0%| F|  |TAMS 0x0000000088100000, 0x0000000088100000| Untracked 
| 108|0x0000000088200000, 0x0000000088200000, 0x0000000088300000|  0%| F|  |TAMS 0x0000000088200000, 0x0000000088200000| Untracked 
| 109|0x0000000088300000, 0x0000000088300000, 0x0000000088400000|  0%| F|  |TAMS 0x0000000088300000, 0x0000000088300000| Untracked 
| 110|0x0000000088400000, 0x0000000088400000, 0x0000000088500000|  0%| F|  |TAMS 0x0000000088400000, 0x0000000088400000| Untracked 
| 111|0x0000000088500000, 0x0000000088500000, 0x0000000088600000|  0%| F|  |TAMS 0x0000000088500000, 0x0000000088500000| Untracked 
| 112|0x0000000088600000, 0x0000000088600000, 0x0000000088700000|  0%| F|  |TAMS 0x0000000088600000, 0x0000000088600000| Untracked 
| 113|0x0000000088700000, 0x0000000088700000, 0x0000000088800000|  0%| F|  |TAMS 0x0000000088700000, 0x0000000088700000| Untracked 
| 114|0x0000000088800000, 0x0000000088800000, 0x0000000088900000|  0%| F|  |TAMS 0x0000000088800000, 0x0000000088800000| Untracked 
| 115|0x0000000088900000, 0x0000000088980800, 0x0000000088a00000| 50%| E|  |TAMS 0x0000000088900000, 0x0000000088900000| Complete 
| 116|0x0000000088a00000, 0x0000000088b00000, 0x0000000088b00000|100%| E|CS|TAMS 0x0000000088a00000, 0x0000000088a00000| Complete 
| 117|0x0000000088b00000, 0x0000000088c00000, 0x0000000088c00000|100%| E|CS|TAMS 0x0000000088b00000, 0x0000000088b00000| Complete 
| 118|0x0000000088c00000, 0x0000000088d00000, 0x0000000088d00000|100%| E|CS|TAMS 0x0000000088c00000, 0x0000000088c00000| Complete 
| 119|0x0000000088d00000, 0x0000000088e00000, 0x0000000088e00000|100%| E|CS|TAMS 0x0000000088d00000, 0x0000000088d00000| Complete 
| 120|0x0000000088e00000, 0x0000000088f00000, 0x0000000088f00000|100%| E|CS|TAMS 0x0000000088e00000, 0x0000000088e00000| Complete 
| 121|0x0000000088f00000, 0x0000000089000000, 0x0000000089000000|100%| E|CS|TAMS 0x0000000088f00000, 0x0000000088f00000| Complete 
| 122|0x0000000089000000, 0x0000000089100000, 0x0000000089100000|100%| E|CS|TAMS 0x0000000089000000, 0x0000000089000000| Complete 
| 123|0x0000000089100000, 0x0000000089200000, 0x0000000089200000|100%| E|CS|TAMS 0x0000000089100000, 0x0000000089100000| Complete 
| 124|0x0000000089200000, 0x0000000089300000, 0x0000000089300000|100%| E|CS|TAMS 0x0000000089200000, 0x0000000089200000| Complete 
| 125|0x0000000089300000, 0x0000000089400000, 0x0000000089400000|100%| E|CS|TAMS 0x0000000089300000, 0x0000000089300000| Complete 
| 126|0x0000000089400000, 0x0000000089500000, 0x0000000089500000|100%| E|CS|TAMS 0x0000000089400000, 0x0000000089400000| Complete 
| 127|0x0000000089500000, 0x0000000089600000, 0x0000000089600000|100%| E|CS|TAMS 0x0000000089500000, 0x0000000089500000| Complete 

Card table byte_map: [0x000002177eea0000,0x000002177f2a0000] _byte_map_base: 0x000002177ea95000

Marking Bits (Prev, Next): (CMBitMap*) 0x00000217682ea450, (CMBitMap*) 0x00000217682ea490
 Prev Bits: [0x0000021700000000, 0x0000021701fa8000)
 Next Bits: [0x0000021701fb0000, 0x0000021703f58000)

Polling page: 0x0000021766090000

Metaspace:

Usage:
  Non-class:     14.90 MB used.
      Class:      2.42 MB used.
       Both:     17.32 MB used.

Virtual space:
  Non-class space:       16.00 MB reserved,      15.00 MB ( 94%) committed,  2 nodes.
      Class space:        1.00 GB reserved,       2.50 MB ( <1%) committed,  1 nodes.
             Both:        1.02 GB reserved,      17.50 MB (  2%) committed. 

Chunk freelists:
   Non-Class:  64.00 KB
       Class:  1.32 MB
        Both:  1.38 MB

MaxMetaspaceSize: unlimited
CompressedClassSpaceSize: 1.00 GB
Initial GC threshold: 21.00 MB
Current GC threshold: 21.00 MB
CDS: on
MetaspaceReclaimPolicy: balanced
 - commit_granule_bytes: 65536.
 - commit_granule_words: 8192.
 - virtual_space_node_default_size: 1048576.
 - enlarge_chunks_in_place: 1.
 - new_chunks_are_fully_committed: 0.
 - uncommit_free_chunks: 1.
 - use_allocation_guard: 0.
 - handle_deallocations: 1.


Internal statistics:

num_allocs_failed_limit: 0.
num_arena_births: 216.
num_arena_deaths: 0.
num_vsnodes_births: 3.
num_vsnodes_deaths: 0.
num_space_committed: 280.
num_space_uncommitted: 0.
num_chunks_returned_to_freelist: 0.
num_chunks_taken_from_freelist: 757.
num_chunk_merges: 0.
num_chunk_splits: 527.
num_chunks_enlarged: 410.
num_purges: 0.
num_inconsistent_stats: 0.

CodeHeap 'non-profiled nmethods': size=120000Kb used=1043Kb max_used=1043Kb free=118956Kb
 bounds [0x0000021777570000, 0x00000217777e0000, 0x000002177eaa0000]
CodeHeap 'profiled nmethods': size=120000Kb used=4852Kb max_used=4852Kb free=115147Kb
 bounds [0x0000021770040000, 0x0000021770500000, 0x0000021777570000]
CodeHeap 'non-nmethods': size=5760Kb used=1508Kb max_used=1522Kb free=4251Kb
 bounds [0x000002176faa0000, 0x000002176fd10000, 0x0000021770040000]
 total_blobs=3381 nmethods=2576 adapters=717
 compilation: enabled
              stopped_count=0, restarted_count=0
 full_count=0

Compilation events (20 events):
Event: 6.816 Thread 0x000002177fb3e610 2424       3       javafx.scene.Node::localToScene (46 bytes)
Event: 6.818 Thread 0x000002177fb3e610 nmethod 2424 0x00000217704ae010 code [0x00000217704ae300, 0x00000217704afa98]
Event: 6.818 Thread 0x000002177fb3e610 2425       3       com.sun.javafx.geom.transform.Identity::inverseTransform (20 bytes)
Event: 6.819 Thread 0x000002177fb3e610 nmethod 2425 0x00000217704b0090 code [0x00000217704b0260, 0x00000217704b0638]
Event: 6.819 Thread 0x000002177fb3e610 2427       1       javafx.scene.input.MouseEvent::isShiftDown (5 bytes)
Event: 6.819 Thread 0x000002177fb3e610 nmethod 2427 0x000002177766c190 code [0x000002177766c320, 0x000002177766c3f8]
Event: 6.819 Thread 0x000002177fb3e610 2428       1       javafx.scene.input.MouseEvent::isControlDown (5 bytes)
Event: 6.819 Thread 0x000002177fb3e610 nmethod 2428 0x000002177766c490 code [0x000002177766c620, 0x000002177766c6f8]
Event: 6.819 Thread 0x000002177fb3e610 2426       3       javafx.scene.Node::addToSceneDirtyList (30 bytes)
Event: 6.819 Thread 0x000002177fb3e610 nmethod 2426 0x00000217704b0810 code [0x00000217704b0a00, 0x00000217704b10a8]
Event: 6.819 Thread 0x000002177fb3e610 2429       1       javafx.scene.input.MouseEvent::isAltDown (5 bytes)
Event: 6.820 Thread 0x000002177fb3e610 nmethod 2429 0x000002177766c790 code [0x000002177766c920, 0x000002177766c9f8]
Event: 6.820 Thread 0x000002177fb3e610 2430       1       javafx.scene.input.MouseEvent::isMetaDown (5 bytes)
Event: 6.820 Thread 0x000002177fb3e610 nmethod 2430 0x000002177766ca90 code [0x000002177766cc20, 0x000002177766ccf8]
Event: 6.820 Thread 0x000002177fb3e610 2431       1       javafx.scene.input.MouseEvent::isSynthesized (5 bytes)
Event: 6.820 Thread 0x000002177fb3e610 nmethod 2431 0x000002177766cd90 code [0x000002177766cf20, 0x000002177766cff8]
Event: 6.820 Thread 0x000002177fb3e610 2432       1       javafx.scene.input.MouseEvent::isPopupTrigger (5 bytes)
Event: 6.820 Thread 0x000002177fb3e610 nmethod 2432 0x000002177766d090 code [0x000002177766d220, 0x000002177766d2f8]
Event: 6.820 Thread 0x000002177fb3e610 2433       1       com.sun.javafx.tk.quantum.WindowStage::setInAllowedEventHandler (6 bytes)
Event: 6.820 Thread 0x000002177fb3e610 nmethod 2433 0x000002177766d390 code [0x000002177766d520, 0x000002177766d5f8]

GC Heap History (6 events):
Event: 1.025 GC heap before
{Heap before GC invocations=0 (full 0):
 garbage-first heap   total 131072K, used 13312K [0x0000000081600000, 0x0000000100000000)
  region size 1024K, 13 young (13312K), 0 survivors (0K)
 Metaspace       used 1504K, committed 1728K, reserved 1056768K
  class space    used 159K, committed 256K, reserved 1048576K
}
Event: 1.032 GC heap after
{Heap after GC invocations=1 (full 0):
 garbage-first heap   total 131072K, used 1533K [0x0000000081600000, 0x0000000100000000)
  region size 1024K, 2 young (2048K), 2 survivors (2048K)
 Metaspace       used 1504K, committed 1728K, reserved 1056768K
  class space    used 159K, committed 256K, reserved 1048576K
}
Event: 3.444 GC heap before
{Heap before GC invocations=1 (full 0):
 garbage-first heap   total 131072K, used 18941K [0x0000000081600000, 0x0000000100000000)
  region size 1024K, 20 young (20480K), 2 survivors (2048K)
 Metaspace       used 7464K, committed 7616K, reserved 1056768K
  class space    used 882K, committed 960K, reserved 1048576K
}
Event: 3.451 GC heap after
{Heap after GC invocations=2 (full 0):
 garbage-first heap   total 131072K, used 4569K [0x0000000081600000, 0x0000000100000000)
  region size 1024K, 3 young (3072K), 3 survivors (3072K)
 Metaspace       used 7464K, committed 7616K, reserved 1056768K
  class space    used 882K, committed 960K, reserved 1048576K
}
Event: 5.232 GC heap before
{Heap before GC invocations=2 (full 0):
 garbage-first heap   total 131072K, used 35289K [0x0000000081600000, 0x0000000100000000)
  region size 1024K, 32 young (32768K), 3 survivors (3072K)
 Metaspace       used 15252K, committed 15488K, reserved 1064960K
  class space    used 2091K, committed 2240K, reserved 1048576K
}
Event: 5.241 GC heap after
{Heap after GC invocations=3 (full 0):
 garbage-first heap   total 131072K, used 9945K [0x0000000081600000, 0x0000000100000000)
  region size 1024K, 4 young (4096K), 4 survivors (4096K)
 Metaspace       used 15252K, committed 15488K, reserved 1064960K
  class space    used 2091K, committed 2240K, reserved 1048576K
}

Deoptimization events (20 events):
Event: 4.925 Thread 0x0000021707298890 DEOPT PACKING pc=0x000002177761ee0c sp=0x000000c34befd520
Event: 4.925 Thread 0x0000021707298890 DEOPT UNPACKING pc=0x000002176faf23a3 sp=0x000000c34befd4b8 mode 2
Event: 5.185 Thread 0x0000021707298890 DEOPT PACKING pc=0x000002177034eed6 sp=0x000000c34befc330
Event: 5.185 Thread 0x0000021707298890 DEOPT UNPACKING pc=0x000002176faf2b43 sp=0x000000c34befb7d0 mode 0
Event: 5.416 Thread 0x0000021707298890 Uncommon trap: trap_request=0xffffff45 fr.pc=0x000002177757d0f4 relative=0x0000000000000254
Event: 5.416 Thread 0x0000021707298890 Uncommon trap: reason=unstable_if action=reinterpret pc=0x000002177757d0f4 method=java.lang.String.isLatin1()Z @ 10 c2
Event: 5.416 Thread 0x0000021707298890 DEOPT PACKING pc=0x000002177757d0f4 sp=0x000000c34befd710
Event: 5.416 Thread 0x0000021707298890 DEOPT UNPACKING pc=0x000002176faf23a3 sp=0x000000c34befd658 mode 2
Event: 5.436 Thread 0x0000021707298890 Uncommon trap: trap_request=0xffffff45 fr.pc=0x00000217775e09d8 relative=0x0000000000000058
Event: 5.436 Thread 0x0000021707298890 Uncommon trap: reason=unstable_if action=reinterpret pc=0x00000217775e09d8 method=java.lang.CharacterData.of(I)Ljava/lang/CharacterData; @ 15 c2
Event: 5.436 Thread 0x0000021707298890 DEOPT PACKING pc=0x00000217775e09d8 sp=0x000000c34befc940
Event: 5.436 Thread 0x0000021707298890 DEOPT UNPACKING pc=0x000002176faf23a3 sp=0x000000c34befc8e0 mode 2
Event: 5.577 Thread 0x0000021707298890 Uncommon trap: trap_request=0xffffff45 fr.pc=0x00000217775b0308 relative=0x0000000000000188
Event: 5.577 Thread 0x0000021707298890 Uncommon trap: reason=unstable_if action=reinterpret pc=0x00000217775b0308 method=java.lang.String.indexOf(II)I @ 4 c2
Event: 5.577 Thread 0x0000021707298890 DEOPT PACKING pc=0x00000217775b0308 sp=0x000000c34befd820
Event: 5.577 Thread 0x0000021707298890 DEOPT UNPACKING pc=0x000002176faf23a3 sp=0x000000c34befd770 mode 2
Event: 5.578 Thread 0x0000021707298890 Uncommon trap: trap_request=0xffffff45 fr.pc=0x000002177758a3f4 relative=0x00000000000001d4
Event: 5.578 Thread 0x0000021707298890 Uncommon trap: reason=unstable_if action=reinterpret pc=0x000002177758a3f4 method=java.lang.String.isLatin1()Z @ 10 c2
Event: 5.578 Thread 0x0000021707298890 DEOPT PACKING pc=0x000002177758a3f4 sp=0x000000c34befd6a0
Event: 5.579 Thread 0x0000021707298890 DEOPT UNPACKING pc=0x000002176faf23a3 sp=0x000000c34befd600 mode 2

Classes unloaded (0 events):
No events

Classes redefined (0 events):
No events

Internal exceptions (20 events):
Event: 3.702 Thread 0x0000021707298890 Exception <a 'java/lang/NullPointerException'{0x0000000088ffabf8}> (0x0000000088ffabf8) 
thrown [t:\workspace\open\src\hotspot\share\interpreter\linkResolver.cpp, line 1357]
Event: 4.167 Thread 0x0000021707298890 Exception <a 'java/lang/NoSuchMethodError'{0x00000000885eb2f8}: 'void java.lang.invoke.DirectMethodHandle$Holder.invokeStaticInit(java.lang.Object, java.lang.Object)'> (0x00000000885eb2f8) 
thrown [t:\workspace\open\src\hotspot\share\interpreter\linkResolver.cpp, line 766]
Event: 4.466 Thread 0x0000021707298890 Implicit null exception at 0x000002177761a1f4 to 0x000002177761a45c
Event: 4.474 Thread 0x0000021707298890 Implicit null exception at 0x000002177761c711 to 0x000002177761ca3c
Event: 4.978 Thread 0x0000021707298890 Exception <a 'java/lang/NoSuchMethodError'{0x00000000879f1bf0}: 'java.lang.Object java.lang.invoke.DirectMethodHandle$Holder.invokeInterface(java.lang.Object, java.lang.Object, java.lang.Object)'> (0x00000000879f1bf0) 
thrown [t:\workspace\open\src\hotspot\share\interpreter\linkResolver.cpp, line 766]
Event: 4.979 Thread 0x0000021707298890 Exception <a 'java/lang/IncompatibleClassChangeError'{0x00000000879f5578}: Found class java.lang.Object, but interface was expected> (0x00000000879f5578) 
thrown [t:\workspace\open\src\hotspot\share\interpreter\linkResolver.cpp, line 833]
Event: 5.184 Thread 0x0000021707298890 Exception <a 'java/lang/ClassNotFoundException'{0x00000000877df568}: com/sun/javafx/scene/control/skin/resources/controls> (0x00000000877df568) 
thrown [t:\workspace\open\src\hotspot\share\prims\jni.cpp, line 535]
Event: 5.188 Thread 0x0000021707298890 Exception <a 'java/lang/ClassNotFoundException'{0x00000000877ed068}: com/sun/javafx/scene/control/skin/resources/controls_en> (0x00000000877ed068) 
thrown [t:\workspace\open\src\hotspot\share\prims\jni.cpp, line 535]
Event: 5.188 Thread 0x0000021707298890 Exception <a 'java/lang/ClassNotFoundException'{0x00000000877ee618}: com/sun/javafx/scene/control/skin/resources/controls_en_US> (0x00000000877ee618) 
thrown [t:\workspace\open\src\hotspot\share\prims\jni.cpp, line 535]
Event: 5.271 Thread 0x0000021707298890 Exception <a 'java/lang/NoSuchMethodError'{0x00000000895f2eb8}: 'void java.lang.invoke.DirectMethodHandle$Holder.invokeSpecial(java.lang.Object, java.lang.Object, java.lang.Object, java.lang.Object, java.lang.Object, java.lang.Object)'> (0x00000000895f2eb8) 
thrown [t:\workspace\open\src\hotspot\share\interpreter\linkResolver.cpp, line 766]
Event: 5.470 Thread 0x0000021707298890 Exception <a 'java/io/FileNotFoundException'{0x00000000890c63b8}> (0x00000000890c63b8) 
thrown [t:\workspace\open\src\hotspot\share\prims\jni.cpp, line 516]
Event: 5.470 Thread 0x0000021707298890 Exception <a 'java/io/FileNotFoundException'{0x00000000890c7a20}> (0x00000000890c7a20) 
thrown [t:\workspace\open\src\hotspot\share\prims\jni.cpp, line 516]
Event: 5.472 Thread 0x0000021707298890 Exception <a 'java/io/FileNotFoundException'{0x00000000890d0290}> (0x00000000890d0290) 
thrown [t:\workspace\open\src\hotspot\share\prims\jni.cpp, line 516]
Event: 5.472 Thread 0x0000021707298890 Exception <a 'java/io/FileNotFoundException'{0x00000000890d1340}> (0x00000000890d1340) 
thrown [t:\workspace\open\src\hotspot\share\prims\jni.cpp, line 516]
Event: 5.591 Thread 0x0000021707298890 Exception <a 'java/lang/NoSuchMethodError'{0x0000000088fff720}: 'java.lang.Object java.lang.invoke.DirectMethodHandle$Holder.newInvokeSpecial(java.lang.Object, java.lang.Object, int)'> (0x0000000088fff720) 
thrown [t:\workspace\open\src\hotspot\share\interpreter\linkResolver.cpp, line 766]
Event: 5.634 Thread 0x00000217071cfd10 Exception <a 'java/lang/NoSuchMethodError'{0x0000000088d0e2e0}: 'int java.lang.invoke.DirectMethodHandle$Holder.invokeStaticInit(java.lang.Object, java.lang.Object)'> (0x0000000088d0e2e0) 
thrown [t:\workspace\open\src\hotspot\share\interpreter\linkResolver.cpp, line 766]
Event: 5.643 Thread 0x0000021707298890 Exception <a 'java/lang/NoSuchMethodError'{0x0000000088e5fec0}: 'long java.lang.invoke.DirectMethodHandle$Holder.invokeStatic(java.lang.Object, java.lang.Object, java.lang.Object)'> (0x0000000088e5fec0) 
thrown [t:\workspace\open\src\hotspot\share\interpreter\linkResolver.cpp, line 766]
Event: 5.644 Thread 0x0000021707298890 Exception <a 'java/lang/NoSuchMethodError'{0x0000000088e63668}: 'long java.lang.invoke.DirectMethodHandle$Holder.invokeStaticInit(java.lang.Object, java.lang.Object, java.lang.Object)'> (0x0000000088e63668) 
thrown [t:\workspace\open\src\hotspot\share\interpreter\linkResolver.cpp, line 766]
Event: 5.648 Thread 0x0000021707298890 Exception <a 'java/lang/NoSuchMethodError'{0x0000000088e7b270}: 'java.lang.Object java.lang.invoke.DirectMethodHandle$Holder.newInvokeSpecial(java.lang.Object, java.lang.Object, long)'> (0x0000000088e7b270) 
thrown [t:\workspace\open\src\hotspot\share\interpreter\linkResolver.cpp, line 766]
Event: 5.648 Thread 0x0000021707298890 Exception <a 'java/lang/NoSuchMethodError'{0x0000000088e7ede0}: 'java.lang.Object java.lang.invoke.Invokers$Holder.linkToTargetMethod(java.lang.Object, long, java.lang.Object)'> (0x0000000088e7ede0) 
thrown [t:\workspace\open\src\hotspot\share\interpreter\linkResolver.cpp, line 766]

VM Operations (20 events):
Event: 2.858 Executing VM operation: HandshakeAllThreads
Event: 2.858 Executing VM operation: HandshakeAllThreads done
Event: 2.921 Executing VM operation: HandshakeAllThreads
Event: 2.921 Executing VM operation: HandshakeAllThreads done
Event: 3.145 Executing VM operation: HandshakeAllThreads
Event: 3.145 Executing VM operation: HandshakeAllThreads done
Event: 3.145 Executing VM operation: Cleanup
Event: 3.145 Executing VM operation: Cleanup done
Event: 3.426 Executing VM operation: HandshakeAllThreads
Event: 3.426 Executing VM operation: HandshakeAllThreads done
Event: 3.444 Executing VM operation: G1CollectForAllocation
Event: 3.451 Executing VM operation: G1CollectForAllocation done
Event: 3.658 Executing VM operation: ChangeBreakpoints
Event: 3.658 Executing VM operation: ChangeBreakpoints done
Event: 4.658 Executing VM operation: Cleanup
Event: 4.659 Executing VM operation: Cleanup done
Event: 5.232 Executing VM operation: G1CollectForAllocation
Event: 5.241 Executing VM operation: G1CollectForAllocation done
Event: 6.622 Executing VM operation: ICBufferFull
Event: 6.622 Executing VM operation: ICBufferFull done

Events (20 events):
Event: 5.759 loading class java/nio/DoubleBuffer done
Event: 5.759 loading class java/nio/DirectFloatBufferU
Event: 5.778 loading class java/nio/DirectFloatBufferU done
Event: 6.057 loading class jdk/internal/ref/CleanerImpl$InnocuousThreadFactory
Event: 6.070 loading class jdk/internal/ref/CleanerImpl$InnocuousThreadFactory done
Event: 6.072 Thread 0x000002170c1818d0 Thread added: 0x000002170c1818d0
Event: 6.079 loading class jdk/internal/math/FDBigInteger
Event: 6.079 loading class jdk/internal/math/FDBigInteger done
Event: 6.086 loading class sun/misc/Unsafe
Event: 6.086 loading class sun/misc/Unsafe done
Event: 6.086 loading class jdk/internal/reflect/UnsafeQualifiedStaticObjectFieldAccessorImpl
Event: 6.087 loading class jdk/internal/reflect/UnsafeQualifiedStaticFieldAccessorImpl
Event: 6.087 loading class jdk/internal/reflect/UnsafeQualifiedStaticFieldAccessorImpl done
Event: 6.087 loading class jdk/internal/reflect/UnsafeQualifiedStaticObjectFieldAccessorImpl done
Event: 6.733 loading class java/util/EnumMap$Values
Event: 6.733 loading class java/util/EnumMap$Values done
Event: 6.733 loading class java/util/EnumMap$ValueIterator
Event: 6.733 loading class java/util/EnumMap$EnumMapIterator
Event: 6.733 loading class java/util/EnumMap$EnumMapIterator done
Event: 6.733 loading class java/util/EnumMap$ValueIterator done


Dynamic libraries:
0x00007ff6c7bf0000 - 0x00007ff6c7bfe000 	C:\Users\Horia\.jdks\openjdk-17\bin\java.exe
0x00007ffa20560000 - 0x00007ffa20767000 	C:\WINDOWS\SYSTEM32\ntdll.dll
0x00007ff9e3850000 - 0x00007ff9e3866000 	C:\Program Files\Avast Software\Avast\aswhook.dll
0x00007ffa1ee40000 - 0x00007ffa1eefd000 	C:\WINDOWS\System32\KERNEL32.DLL
0x00007ffa1dcf0000 - 0x00007ffa1e064000 	C:\WINDOWS\System32\KERNELBASE.dll
0x00007ffa1e0a0000 - 0x00007ffa1e1b1000 	C:\WINDOWS\System32\ucrtbase.dll
0x00007ffa05730000 - 0x00007ffa05748000 	C:\Users\Horia\.jdks\openjdk-17\bin\jli.dll
0x00007ffa1f270000 - 0x00007ffa1f41c000 	C:\WINDOWS\System32\USER32.dll
0x00007ffa1e070000 - 0x00007ffa1e096000 	C:\WINDOWS\System32\win32u.dll
0x00007ffa1f240000 - 0x00007ffa1f269000 	C:\WINDOWS\System32\GDI32.dll
0x00007ffa1e1c0000 - 0x00007ffa1e2d2000 	C:\WINDOWS\System32\gdi32full.dll
0x00007ffa059e0000 - 0x00007ffa059fa000 	C:\Users\Horia\.jdks\openjdk-17\bin\VCRUNTIME140.dll
0x00007ffa1e2e0000 - 0x00007ffa1e37d000 	C:\WINDOWS\System32\msvcp_win.dll
0x00007ffa0d670000 - 0x00007ffa0d915000 	C:\WINDOWS\WinSxS\amd64_microsoft.windows.common-controls_6595b64144ccf1df_6.0.22000.120_none_9d947278b86cc467\COMCTL32.dll
0x00007ffa1f050000 - 0x00007ffa1f0f3000 	C:\WINDOWS\System32\msvcrt.dll
0x00007ffa1e590000 - 0x00007ffa1e5c1000 	C:\WINDOWS\System32\IMM32.DLL
0x00007ffa06020000 - 0x00007ffa0602c000 	C:\Users\Horia\.jdks\openjdk-17\bin\vcruntime140_1.dll
0x00007ff9a78b0000 - 0x00007ff9a793d000 	C:\Users\Horia\.jdks\openjdk-17\bin\msvcp140.dll
0x00007ff99f5c0000 - 0x00007ff9a017e000 	C:\Users\Horia\.jdks\openjdk-17\bin\server\jvm.dll
0x00007ffa1ef80000 - 0x00007ffa1f02e000 	C:\WINDOWS\System32\ADVAPI32.dll
0x00007ffa1eda0000 - 0x00007ffa1ee3e000 	C:\WINDOWS\System32\sechost.dll
0x00007ffa1f120000 - 0x00007ffa1f240000 	C:\WINDOWS\System32\RPCRT4.dll
0x00007ffa1f420000 - 0x00007ffa1f428000 	C:\WINDOWS\System32\PSAPI.DLL
0x00007ffa06700000 - 0x00007ffa06709000 	C:\WINDOWS\SYSTEM32\WSOCK32.dll
0x00007ffa17a80000 - 0x00007ffa17ab3000 	C:\WINDOWS\SYSTEM32\WINMM.dll
0x00007ffa14710000 - 0x00007ffa1471a000 	C:\WINDOWS\SYSTEM32\VERSION.dll
0x00007ffa20400000 - 0x00007ffa2046f000 	C:\WINDOWS\System32\WS2_32.dll
0x00007ffa1cc40000 - 0x00007ffa1cc58000 	C:\WINDOWS\SYSTEM32\kernel.appcore.dll
0x00007ffa059d0000 - 0x00007ffa059da000 	C:\Users\Horia\.jdks\openjdk-17\bin\jimage.dll
0x00007ffa13810000 - 0x00007ffa13a31000 	C:\WINDOWS\SYSTEM32\DBGHELP.DLL
0x00007ffa137a0000 - 0x00007ffa137d1000 	C:\WINDOWS\SYSTEM32\dbgcore.DLL
0x00007ffa1e380000 - 0x00007ffa1e3ff000 	C:\WINDOWS\System32\bcryptPrimitives.dll
0x00007ffa08b40000 - 0x00007ffa08b7b000 	C:\Users\Horia\.jdks\openjdk-17\bin\jdwp.dll
0x00007ffa05690000 - 0x00007ffa056b5000 	C:\Users\Horia\.jdks\openjdk-17\bin\java.dll
0x00007ff9a03b0000 - 0x00007ff9a0486000 	C:\Users\Horia\.jdks\openjdk-17\bin\svml.dll
0x00007ffa1f930000 - 0x00007ffa200de000 	C:\WINDOWS\System32\SHELL32.dll
0x00007ffa1bbd0000 - 0x00007ffa1c437000 	C:\WINDOWS\SYSTEM32\windows.storage.dll
0x00007ffa1ea20000 - 0x00007ffa1ed98000 	C:\WINDOWS\System32\combase.dll
0x00007ffa1ba60000 - 0x00007ffa1bbc6000 	C:\WINDOWS\SYSTEM32\wintypes.dll
0x00007ffa1e7e0000 - 0x00007ffa1e8ca000 	C:\WINDOWS\System32\SHCORE.dll
0x00007ffa1e9c0000 - 0x00007ffa1ea1d000 	C:\WINDOWS\System32\shlwapi.dll
0x00007ffa1d980000 - 0x00007ffa1d9a1000 	C:\WINDOWS\SYSTEM32\profapi.dll
0x00007ff9deb80000 - 0x00007ff9deb99000 	C:\Users\Horia\.jdks\openjdk-17\bin\net.dll
0x00007ffa171b0000 - 0x00007ffa172bc000 	C:\WINDOWS\SYSTEM32\WINHTTP.dll
0x00007ffa1d070000 - 0x00007ffa1d0d7000 	C:\WINDOWS\system32\mswsock.dll
0x00007ff9cdf30000 - 0x00007ff9cdf45000 	C:\Users\Horia\.jdks\openjdk-17\bin\nio.dll
0x00007ff9cb110000 - 0x00007ff9cb128000 	C:\Users\Horia\.jdks\openjdk-17\bin\zip.dll
0x00007ffa18380000 - 0x00007ffa1838c000 	C:\Users\Horia\.jdks\openjdk-17\bin\dt_socket.dll
0x00007ffa1c770000 - 0x00007ffa1c79d000 	C:\WINDOWS\SYSTEM32\IPHLPAPI.DLL
0x0000021705fa0000 - 0x0000021705fa3000 	C:\Users\Horia\.openjfx\cache\17-ea\api-ms-win-core-console-l1-1-0.dll
0x0000021705fb0000 - 0x0000021705fb3000 	C:\Users\Horia\.openjfx\cache\17-ea\api-ms-win-core-console-l1-2-0.dll
0x0000021705fc0000 - 0x0000021705fc3000 	C:\Users\Horia\.openjfx\cache\17-ea\api-ms-win-core-datetime-l1-1-0.dll
0x0000021705fd0000 - 0x0000021705fd3000 	C:\Users\Horia\.openjfx\cache\17-ea\api-ms-win-core-debug-l1-1-0.dll
0x0000021705fe0000 - 0x0000021705fe3000 	C:\Users\Horia\.openjfx\cache\17-ea\api-ms-win-core-errorhandling-l1-1-0.dll
0x0000021705ff0000 - 0x0000021705ff4000 	C:\Users\Horia\.openjfx\cache\17-ea\api-ms-win-core-file-l1-1-0.dll
0x0000021707500000 - 0x0000021707503000 	C:\Users\Horia\.openjfx\cache\17-ea\api-ms-win-core-file-l1-2-0.dll
0x0000021707510000 - 0x0000021707513000 	C:\Users\Horia\.openjfx\cache\17-ea\api-ms-win-core-file-l2-1-0.dll
0x0000021707520000 - 0x0000021707523000 	C:\Users\Horia\.openjfx\cache\17-ea\api-ms-win-core-handle-l1-1-0.dll
0x0000021707530000 - 0x0000021707533000 	C:\Users\Horia\.openjfx\cache\17-ea\api-ms-win-core-heap-l1-1-0.dll
0x0000021707540000 - 0x0000021707543000 	C:\Users\Horia\.openjfx\cache\17-ea\api-ms-win-core-interlocked-l1-1-0.dll
0x0000021707550000 - 0x0000021707553000 	C:\Users\Horia\.openjfx\cache\17-ea\api-ms-win-core-libraryloader-l1-1-0.dll
0x0000021707560000 - 0x0000021707563000 	C:\Users\Horia\.openjfx\cache\17-ea\api-ms-win-core-localization-l1-2-0.dll
0x0000021707570000 - 0x0000021707573000 	C:\Users\Horia\.openjfx\cache\17-ea\api-ms-win-core-memory-l1-1-0.dll
0x0000021707580000 - 0x0000021707583000 	C:\Users\Horia\.openjfx\cache\17-ea\api-ms-win-core-namedpipe-l1-1-0.dll
0x0000021707590000 - 0x0000021707593000 	C:\Users\Horia\.openjfx\cache\17-ea\api-ms-win-core-processenvironment-l1-1-0.dll
0x00000217075a0000 - 0x00000217075a3000 	C:\Users\Horia\.openjfx\cache\17-ea\api-ms-win-core-processthreads-l1-1-0.dll
0x00000217075b0000 - 0x00000217075b3000 	C:\Users\Horia\.openjfx\cache\17-ea\api-ms-win-core-processthreads-l1-1-1.dll
0x00000217075c0000 - 0x00000217075c3000 	C:\Users\Horia\.openjfx\cache\17-ea\api-ms-win-core-profile-l1-1-0.dll
0x00000217075d0000 - 0x00000217075d3000 	C:\Users\Horia\.openjfx\cache\17-ea\api-ms-win-core-rtlsupport-l1-1-0.dll
0x00000217075e0000 - 0x00000217075e3000 	C:\Users\Horia\.openjfx\cache\17-ea\api-ms-win-core-string-l1-1-0.dll
0x00000217075f0000 - 0x00000217075f3000 	C:\Users\Horia\.openjfx\cache\17-ea\api-ms-win-core-synch-l1-1-0.dll
0x0000021707600000 - 0x0000021707603000 	C:\Users\Horia\.openjfx\cache\17-ea\api-ms-win-core-synch-l1-2-0.dll
0x0000021707610000 - 0x0000021707613000 	C:\Users\Horia\.openjfx\cache\17-ea\api-ms-win-core-sysinfo-l1-1-0.dll
0x0000021707620000 - 0x0000021707623000 	C:\Users\Horia\.openjfx\cache\17-ea\api-ms-win-core-timezone-l1-1-0.dll
0x0000021707630000 - 0x0000021707633000 	C:\Users\Horia\.openjfx\cache\17-ea\api-ms-win-core-util-l1-1-0.dll
0x0000021707640000 - 0x0000021707643000 	C:\Users\Horia\.openjfx\cache\17-ea\api-ms-win-crt-conio-l1-1-0.dll
0x0000021707650000 - 0x0000021707654000 	C:\Users\Horia\.openjfx\cache\17-ea\api-ms-win-crt-convert-l1-1-0.dll
0x0000021707660000 - 0x0000021707663000 	C:\Users\Horia\.openjfx\cache\17-ea\api-ms-win-crt-environment-l1-1-0.dll
0x0000021707670000 - 0x0000021707673000 	C:\Users\Horia\.openjfx\cache\17-ea\api-ms-win-crt-filesystem-l1-1-0.dll
0x0000021707680000 - 0x0000021707683000 	C:\Users\Horia\.openjfx\cache\17-ea\api-ms-win-crt-heap-l1-1-0.dll
0x0000021707690000 - 0x0000021707693000 	C:\Users\Horia\.openjfx\cache\17-ea\api-ms-win-crt-locale-l1-1-0.dll
0x00000217076a0000 - 0x00000217076a5000 	C:\Users\Horia\.openjfx\cache\17-ea\api-ms-win-crt-math-l1-1-0.dll
0x00000217076b0000 - 0x00000217076b5000 	C:\Users\Horia\.openjfx\cache\17-ea\api-ms-win-crt-multibyte-l1-1-0.dll
0x00000217076c0000 - 0x00000217076d0000 	C:\Users\Horia\.openjfx\cache\17-ea\api-ms-win-crt-private-l1-1-0.dll
0x00000217076d0000 - 0x00000217076d3000 	C:\Users\Horia\.openjfx\cache\17-ea\api-ms-win-crt-process-l1-1-0.dll
0x00000217076e0000 - 0x00000217076e4000 	C:\Users\Horia\.openjfx\cache\17-ea\api-ms-win-crt-runtime-l1-1-0.dll
0x00000217076f0000 - 0x00000217076f4000 	C:\Users\Horia\.openjfx\cache\17-ea\api-ms-win-crt-stdio-l1-1-0.dll
0x0000021707700000 - 0x0000021707704000 	C:\Users\Horia\.openjfx\cache\17-ea\api-ms-win-crt-string-l1-1-0.dll
0x0000021707710000 - 0x0000021707713000 	C:\Users\Horia\.openjfx\cache\17-ea\api-ms-win-crt-time-l1-1-0.dll
0x0000021707720000 - 0x0000021707723000 	C:\Users\Horia\.openjfx\cache\17-ea\api-ms-win-crt-utility-l1-1-0.dll
0x00007ff9dee10000 - 0x00007ff9def0c000 	C:\Users\Horia\.openjfx\cache\17-ea\ucrtbase.dll
0x00007ffa17c80000 - 0x00007ffa17c9a000 	C:\Users\Horia\.openjfx\cache\17-ea\vcruntime140.dll
0x00007ffa18340000 - 0x00007ffa1834c000 	C:\Users\Horia\.openjfx\cache\17-ea\vcruntime140_1.dll
0x00007ff9de820000 - 0x00007ff9de8ad000 	C:\Users\Horia\.openjfx\cache\17-ea\msvcp140.dll
0x00007ffa02e50000 - 0x00007ffa02e77000 	C:\Users\Horia\.openjfx\cache\17-ea\prism_d3d.dll
0x00007ffa12ce0000 - 0x00007ffa12e86000 	C:\WINDOWS\system32\d3d9.dll
0x00007ffa1b550000 - 0x00007ffa1b57f000 	C:\WINDOWS\SYSTEM32\dwmapi.dll
0x00007ffa1b390000 - 0x00007ffa1b3c8000 	C:\WINDOWS\SYSTEM32\dxcore.dll
0x00007ffa1b0c0000 - 0x00007ffa1b16c000 	C:\WINDOWS\system32\uxtheme.dll
0x00007ff9e0c80000 - 0x00007ff9e0de3000 	C:\WINDOWS\System32\DriverStore\FileRepository\iigd_dch.inf_amd64_8f079a8a5c196b5d\igdumdim64.dll
0x00007ff992f90000 - 0x00007ff9969d2000 	C:\WINDOWS\System32\DriverStore\FileRepository\iigd_dch.inf_amd64_8f079a8a5c196b5d\igd9dxva64.dll
0x00007ffa1e630000 - 0x00007ffa1e7ca000 	C:\WINDOWS\System32\ole32.dll
0x00007ffa200e0000 - 0x00007ffa201b6000 	C:\WINDOWS\System32\OLEAUT32.dll
0x00007ffa1f430000 - 0x00007ffa1f89b000 	C:\WINDOWS\System32\SETUPAPI.dll
0x00007ffa1d720000 - 0x00007ffa1d76c000 	C:\WINDOWS\SYSTEM32\cfgmgr32.dll
0x00007ffa14490000 - 0x00007ffa146cf000 	C:\WINDOWS\System32\DriverStore\FileRepository\iigd_dch.inf_amd64_8f079a8a5c196b5d\igdgmm64.dll
0x00007ffa178e0000 - 0x00007ffa17924000 	C:\WINDOWS\SYSTEM32\directxdatabasehelper.dll
0x00007ffa1b410000 - 0x00007ffa1b444000 	C:\WINDOWS\SYSTEM32\ntmarta.dll
0x00007ff9ff9f0000 - 0x00007ff9ffa32000 	C:\Users\Horia\.openjfx\cache\17-ea\glass.dll
0x00007ffa1e8d0000 - 0x00007ffa1e9bc000 	C:\WINDOWS\System32\COMDLG32.dll
0x00007ffa1e410000 - 0x00007ffa1e52e000 	C:\WINDOWS\System32\MSCTF.dll
0x00007ff9c5060000 - 0x00007ff9c5087000 	C:\WINDOWS\System32\DriverStore\FileRepository\iigd_dch.inf_amd64_8f079a8a5c196b5d\igdinfo64.dll
0x00007ffa1d2c0000 - 0x00007ffa1d2d8000 	C:\WINDOWS\SYSTEM32\CRYPTSP.dll
0x00007ffa1cba0000 - 0x00007ffa1cbd5000 	C:\WINDOWS\system32\rsaenh.dll
0x00007ffa1d2b0000 - 0x00007ffa1d2bc000 	C:\WINDOWS\SYSTEM32\CRYPTBASE.dll
0x00007ffa1d430000 - 0x00007ffa1d457000 	C:\WINDOWS\SYSTEM32\bcrypt.dll
0x00007ffa0e880000 - 0x00007ffa11449000 	C:\WINDOWS\System32\DriverStore\FileRepository\iigd_dch.inf_amd64_8f079a8a5c196b5d\igc64.dll
0x00007ffa1c7a0000 - 0x00007ffa1c887000 	C:\WINDOWS\SYSTEM32\DNSAPI.dll
0x00007ffa1ef70000 - 0x00007ffa1ef79000 	C:\WINDOWS\System32\NSI.dll
0x00007ffa07e10000 - 0x00007ffa07e1a000 	C:\Windows\System32\rasadhlp.dll
0x00007ffa148d0000 - 0x00007ffa14951000 	C:\WINDOWS\System32\fwpuclnt.dll
0x00007ffa06030000 - 0x00007ffa06039000 	C:\Users\Horia\.jdks\openjdk-17\bin\management.dll
0x00007ff9e11c0000 - 0x00007ff9e11cb000 	C:\Users\Horia\.jdks\openjdk-17\bin\management_ext.dll
0x00007ffa1d160000 - 0x00007ffa1d189000 	C:\WINDOWS\SYSTEM32\USERENV.dll
0x00007ffa16af0000 - 0x00007ffa16b09000 	C:\WINDOWS\SYSTEM32\dhcpcsvc6.DLL
0x00007ffa17a60000 - 0x00007ffa17a7e000 	C:\WINDOWS\SYSTEM32\dhcpcsvc.DLL
0x00007ffa08ae0000 - 0x00007ffa08af4000 	C:\Users\Horia\.openjfx\cache\17-ea\javafx_font.dll
0x00007ffa0af10000 - 0x00007ffa0b16f000 	C:\WINDOWS\SYSTEM32\dwrite.dll

dbghelp: loaded successfully - version: 4.0.5 - missing functions: none
symbol engine: initialized successfully - sym options: 0x614 - pdb path: .;C:\Users\Horia\.jdks\openjdk-17\bin;C:\WINDOWS\SYSTEM32;C:\Program Files\Avast Software\Avast;C:\WINDOWS\WinSxS\amd64_microsoft.windows.common-controls_6595b64144ccf1df_6.0.22000.120_none_9d947278b86cc467;C:\Users\Horia\.jdks\openjdk-17\bin\server;C:\Users\Horia\.openjfx\cache\17-ea;C:\WINDOWS\System32\DriverStore\FileRepository\iigd_dch.inf_amd64_8f079a8a5c196b5d;C:\Program Files\Common Files\Microsoft Shared\Ink

VM Arguments:
jvm_args: -agentlib:jdwp=transport=dt_socket,server=n,suspend=y,address=127.0.0.1:53486 -Dfile.encoding=windows-1252 -Duser.country=US -Duser.language=en -Duser.variant --module-path=C:\Users\Horia\IdeaProjects\ex1\build\libs\ex2-1.0-SNAPSHOT.jar;C:\Users\Horia\IdeaProjects\ex1\build\classes\java\main;C:\Users\Horia\socialnetwork\out\artifacts\socialnetwork_jar\socialnetwork.jar;C:\Users\Horia\.gradle\caches\modules-2\files-2.1\org.openjfx\javafx-fxml\17-ea+11\31d0923d6c5275f20d0cf6b2eaf2fceab0ba559\javafx-fxml-17-ea+11-win.jar;C:\Users\Horia\.gradle\caches\modules-2\files-2.1\org.openjfx\javafx-controls\17-ea+11\9f47509f1057ab97fd561c04d994468491535eac\javafx-controls-17-ea+11-win.jar;C:\Users\Horia\.gradle\caches\modules-2\files-2.1\org.openjfx\javafx-controls\17-ea+11\c56dfd54f950b49fcd9a411f2687580de8673b86\javafx-controls-17-ea+11.jar;C:\Users\Horia\.gradle\caches\modules-2\files-2.1\org.openjfx\javafx-graphics\17-ea+11\17fd20dae73d8747199790f2c05059a93b2f9c9c\javafx-graphics-17-ea+11-win.jar;C:\Users\Horia\.gradle\caches\modules-2\files-2.1\org.openjfx\javafx-graphics\17-ea+11\ea43f18e3002fa0fe22e3c40671102079cedb7cb\javafx-graphics-17-ea+11.jar;C:\Users\Horia\.gradle\caches\modules-2\files-2.1\org.openjfx\javafx-base\17-ea+11\fe011b8200745d2f2c5a9de789cbd7ae763bf482\javafx-base-17-ea+11-win.jar;C:\Users\Horia\.gradle\caches\modules-2\files-2.1\org.openjfx\javafx-base\17-ea+11\780ecd5fe969ee38a5448a6e6a917b77f5b78dba\javafx-base-17-ea+11.jar;C:\Users\Horia\.gradle\caches\modules-2\files-2.1\org.postgresql\postgresql\42.3.1\9ca7df660e875b91c78e3d1608d4d7469ad3470c\postgresql-42.3.1.jar;C:\Users\Horia\.gradle\caches\modules-2\files-2.1\org.controlsfx\controlsfx\11.1.0\4627258861ef68750b5fce11f8853d530cce6add\controlsfx-11.1.0.jar;C:\Users\Horia\.gradle\caches\modules-2\files-2.1\com.dlsc.formsfx\formsfx-core\11.4.2\64a96bb0ec2ad4ab7be1df09070f0af3901a7db6\formsfx-core-11.4.2.jar;C:\Users\Horia\.gradle\caches\modules-2\files-2.1\org.kordamp.bootstrapfx\bootstrapfx-core\0.4.0\8d019b30266c00770cf29921d1008ad7feed0ed6\bootstrapfx-core-0.4.0.jar;C:\Users\Horia\.gradle\caches\modules-2\files-2.1\org.apache.pdfbox\pdfbox\2.0.25\c18cd-Djdk.module.main=com.example.ex2 
java_command: com.example.ex2/com.example.ex2.HelloApplication
java_class_path (initial): C:\Users\Horia\IdeaProjects\ex1\build\resources\main;C:\Users\Horia\.gradle\caches\modules-2\files-2.1\commons-logging\commons-logging\1.2\4bfc12adfe4842bf07b657f0369c4cb522955686\commons-logging-1.2.jar
Launcher Type: SUN_STANDARD

[Global flags]
     intx CICompilerCount                          = 3                                         {product} {ergonomic}
     uint ConcGCThreads                            = 1                                         {product} {ergonomic}
     uint G1ConcRefinementThreads                  = 4                                         {product} {ergonomic}
   size_t G1HeapRegionSize                         = 1048576                                   {product} {ergonomic}
    uintx GCDrainStackTargetSize                   = 64                                        {product} {ergonomic}
   size_t InitialHeapSize                          = 134217728                                 {product} {ergonomic}
   size_t MarkStackSize                            = 4194304                                   {product} {ergonomic}
   size_t MaxHeapSize                              = 2124414976                                {product} {ergonomic}
   size_t MaxNewSize                               = 1274019840                                {product} {ergonomic}
   size_t MinHeapDeltaBytes                        = 1048576                                   {product} {ergonomic}
   size_t MinHeapSize                              = 8388608                                   {product} {ergonomic}
    uintx NonNMethodCodeHeapSize                   = 5832780                                {pd product} {ergonomic}
    uintx NonProfiledCodeHeapSize                  = 122912730                              {pd product} {ergonomic}
    uintx ProfiledCodeHeapSize                     = 122912730                              {pd product} {ergonomic}
    uintx ReservedCodeCacheSize                    = 251658240                              {pd product} {ergonomic}
     bool SegmentedCodeCache                       = true                                      {product} {ergonomic}
   size_t SoftMaxHeapSize                          = 2124414976                             {manageable} {ergonomic}
     bool UseCompressedClassPointers               = true                           {product lp64_product} {ergonomic}
     bool UseCompressedOops                        = true                           {product lp64_product} {ergonomic}
     bool UseG1GC                                  = true                                      {product} {ergonomic}
     bool UseLargePagesIndividualAllocation        = false                                  {pd product} {ergonomic}

Logging:
Log output configuration:
 #0: stdout all=warning uptime,level,tags
 #1: stderr all=off uptime,level,tags

Environment Variables:
PATH=C:\Program Files\Common Files\Oracle\Java\javapath;C:\ProgramData\Oracle\Java\javapath;C:\WINDOWS\system32;C:\WINDOWS;C:\WINDOWS\System32\Wbem;C:\WINDOWS\System32\WindowsPowerShell\v1.0\;C:\WINDOWS\System32\OpenSSH\;C:\Program Files (x86)\NVIDIA Corporation\PhysX\Common;C:\Program Files (x86)\PuTTY\;C:\WINDOWS\system32;C:\WINDOWS;C:\WINDOWS\System32\Wbem;C:\WINDOWS\System32\WindowsPowerShell\v1.0\;C:\WINDOWS\System32\OpenSSH\;C:\Program Files\Microsoft SQL Server\Client SDK\ODBC\170\Tools\Binn\;C:\Program Files (x86)\Microsoft SQL Server\150\Tools\Binn\;C:\Program Files\Microsoft SQL Server\150\Tools\Binn\;C:\Program Files\Microsoft SQL Server\150\DTS\Binn\;C:\Program Files (x86)\Microsoft SQL Server\150\DTS\Binn\;C:\Program Files\Azure Data Studio\bin;C:\Program Files\Git\cmd;C:\Program Files\dotnet\;C:\Users\Horia\AppData\Local\Microsoft\WindowsApps;C:\Program Files\Azure Data Studio\bin;C:\Users\Horia\.dotnet\tools
USERNAME=Horia
OS=Windows_NT
PROCESSOR_IDENTIFIER=Intel64 Family 6 Model 142 Stepping 9, GenuineIntel



---------------  S Y S T E M  ---------------

OS:
 Windows 10 , 64 bit Build 22000 (10.0.22000.434)
OS uptime: 0 days 8:07 hours

CPU: total 4 (initial active 4) (2 cores per cpu, 2 threads per core) family 6 model 142 stepping 9 microcode 0xde, cx8, cmov, fxsr, ht, mmx, 3dnowpref, sse, sse2, sse3, ssse3, sse4.1, sse4.2, popcnt, lzcnt, tsc, tscinvbit, avx, avx2, aes, erms, clmul, bmi1, bmi2, adx, fma, vzeroupper, clflush, clflushopt

Memory: 4k page, system-wide physical 8100M (349M free)
TotalPageFile size 20016M (AvailPageFile size 7M)
current process WorkingSet (physical memory assigned to process): 165M, peak: 165M
current process commit charge ("private bytes"): 281M, peak: 281M

vm_info: OpenJDK 64-Bit Server VM (17+35-2724) for windows-amd64 JRE (17+35-2724), built on Aug  5 2021 23:26:02 by "mach5one" with MS VC++ 16.8 (VS2019)

END.
